Log file open, 10/24/20 12:23:20
LogInit: Display: Running engine for game: BowUpdate2
LogPlatformFile: Not using cached read wrapper
LogTaskGraph: Started task graph with 5 named threads and 20 total threads with 3 sets of task threads.
LogStats: Stats thread started at 0.581961
LogD3D11RHI: Loaded GFSDK_Aftermath_Lib.x64.dll
LogICUInternationalization: ICU TimeZone Detection - Raw Offset: +1:00, Platform Override: ''
LogPluginManager: Mounting plugin Paper2D
LogPluginManager: Mounting plugin AISupport
LogPluginManager: Mounting plugin LightPropagationVolume
LogPluginManager: Mounting plugin CameraShakePreviewer
LogPluginManager: Mounting plugin ActorLayerUtilities
LogPluginManager: Mounting plugin AnimationSharing
LogPluginManager: Mounting plugin CLionSourceCodeAccess
LogPluginManager: Mounting plugin CodeLiteSourceCodeAccess
LogPluginManager: Mounting plugin GitSourceControl
LogPluginManager: Mounting plugin KDevelopSourceCodeAccess
LogPluginManager: Mounting plugin NullSourceCodeAccess
LogPluginManager: Mounting plugin PerforceSourceControl
LogPluginManager: Mounting plugin PlasticSourceControl
LogPluginManager: Mounting plugin RiderSourceCodeAccess
LogPluginManager: Mounting plugin SubversionSourceControl
LogPluginManager: Mounting plugin UObjectPlugin
LogPluginManager: Mounting plugin VisualStudioCodeSourceCodeAccess
LogPluginManager: Mounting plugin VisualStudioSourceCodeAccess
LogPluginManager: Mounting plugin XCodeSourceCodeAccess
LogPluginManager: Mounting plugin AssetManagerEditor
LogPluginManager: Mounting plugin CryptoKeys
LogPluginManager: Mounting plugin CurveEditorTools
LogPluginManager: Mounting plugin DataValidation
LogPluginManager: Mounting plugin EditorScriptingUtilities
LogPluginManager: Mounting plugin FacialAnimation
LogPluginManager: Mounting plugin GameplayTagsEditor
LogPluginManager: Mounting plugin GeometryMode
LogPluginManager: Mounting plugin MacGraphicsSwitching
LogPluginManager: Mounting plugin MaterialAnalyzer
LogPluginManager: Mounting plugin MobileLauncherProfileWizard
LogPluginManager: Mounting plugin PluginBrowser
LogPluginManager: Mounting plugin SpeedTreeImporter
LogPluginManager: Mounting plugin DatasmithContent
LogPluginManager: Mounting plugin VariantManagerContent
LogPluginManager: Mounting plugin AlembicImporter
LogPluginManager: Mounting plugin AutomationUtils
LogPluginManager: Mounting plugin BackChannel
LogPluginManager: Mounting plugin ChaosCloth
LogPluginManager: Mounting plugin ChaosClothEditor
LogPluginManager: Mounting plugin ChaosEditor
LogPluginManager: Mounting plugin ChaosNiagara
LogPluginManager: Mounting plugin ChaosSolverPlugin
LogPluginManager: Mounting plugin CharacterAI
LogPluginManager: Mounting plugin GeometryCache
LogPluginManager: Mounting plugin GeometryCollectionPlugin
LogPluginManager: Mounting plugin GeometryProcessing
LogPluginManager: Mounting plugin PlanarCut
LogPluginManager: Mounting plugin PlatformCrypto
LogPluginManager: Mounting plugin ProxyLODPlugin
LogPluginManager: Mounting plugin PythonScriptPlugin
LogPluginManager: Mounting plugin SkeletalReduction
LogPluginManager: Mounting plugin Niagara
LogPluginManager: Mounting plugin MagicLeap
LogPluginManager: Mounting plugin MagicLeapLightEstimation
LogPluginManager: Mounting plugin MagicLeapMedia
LogPluginManager: Mounting plugin MagicLeapPassableWorld
LogPluginManager: Mounting plugin MLSDK
LogPluginManager: Mounting plugin AndroidMedia
LogPluginManager: Mounting plugin AvfMedia
LogPluginManager: Mounting plugin ImgMedia
LogPluginManager: Mounting plugin MediaCompositing
LogPluginManager: Mounting plugin MediaPlayerEditor
LogPluginManager: Mounting plugin WebMMedia
LogPluginManager: Mounting plugin WmfMedia
LogPluginManager: Mounting plugin MegascansPlugin
LogPluginManager: Mounting plugin MeshPainting
LogPluginManager: Mounting plugin TcpMessaging
LogPluginManager: Mounting plugin UdpMessaging
LogPluginManager: Mounting plugin ActorSequence
LogPluginManager: Mounting plugin LevelSequenceEditor
LogPluginManager: Mounting plugin MatineeToLevelSequence
LogPluginManager: Mounting plugin MovieRenderPipeline
LogPluginManager: Mounting plugin TemplateSequence
LogPluginManager: Mounting plugin NetcodeUnitTest
LogPluginManager: Mounting plugin NUTUnrealEngine4
LogPluginManager: Mounting plugin OnlineSubsystemGooglePlay
LogPluginManager: Mounting plugin OnlineSubsystemIOS
LogPluginManager: Mounting plugin OnlineSubsystem
LogPluginManager: Mounting plugin OnlineSubsystemNull
LogPluginManager: Mounting plugin OnlineSubsystemUtils
LogPluginManager: Mounting plugin LauncherChunkInstaller
LogPluginManager: Mounting plugin AndroidDeviceProfileSelector
LogPluginManager: Mounting plugin AndroidMoviePlayer
LogPluginManager: Mounting plugin AndroidPermission
LogPluginManager: Mounting plugin AppleImageUtils
LogPluginManager: Mounting plugin AppleMoviePlayer
LogPluginManager: Mounting plugin ArchVisCharacter
LogPluginManager: Mounting plugin AssetTags
LogPluginManager: Mounting plugin AudioCapture
LogPluginManager: Mounting plugin CableComponent
LogPluginManager: Mounting plugin CustomMeshComponent
LogPluginManager: Mounting plugin EditableMesh
LogPluginManager: Mounting plugin ExampleDeviceProfileSelector
LogPluginManager: Mounting plugin GoogleCloudMessaging
LogPluginManager: Mounting plugin GooglePAD
LogPluginManager: Mounting plugin IOSDeviceProfileSelector
LogPluginManager: Mounting plugin LinuxDeviceProfileSelector
LogPluginManager: Mounting plugin LocationServicesBPLibrary
LogPluginManager: Mounting plugin MobilePatchingUtils
LogPluginManager: Mounting plugin OculusVR
LogPluginManager: Mounting plugin PhysXVehicles
LogPluginManager: Mounting plugin PostSplashScreen
LogPluginManager: Mounting plugin ProceduralMeshComponent
LogPluginManager: Mounting plugin RuntimePhysXCooking
LogPluginManager: Mounting plugin SignificanceManager
LogPluginManager: Mounting plugin SoundFields
LogPluginManager: Mounting plugin SteamVR
LogPluginManager: Mounting plugin Synthesis
LogPluginManager: Mounting plugin WebMMoviePlayer
LogPluginManager: Mounting plugin WindowsMoviePlayer
LogPluginManager: Mounting plugin ScreenshotTools
LogInit: Using libcurl 7.55.1-DEV
LogInit:  - built for x86_64-pc-win32
LogInit:  - supports SSL with OpenSSL/1.1.1
LogInit:  - supports HTTP deflate (compression) using libz 1.2.8
LogInit:  - other features:
LogInit:      CURL_VERSION_SSL
LogInit:      CURL_VERSION_LIBZ
LogInit:      CURL_VERSION_IPV6
LogInit:      CURL_VERSION_ASYNCHDNS
LogInit:      CURL_VERSION_LARGEFILE
LogInit:      CURL_VERSION_IDN
LogInit:  CurlRequestOptions (configurable via config and command line):
LogInit:  - bVerifyPeer = true  - Libcurl will verify peer certificate
LogInit:  - bUseHttpProxy = false  - Libcurl will NOT use HTTP proxy
LogInit:  - bDontReuseConnections = false  - Libcurl will reuse connections
LogInit:  - MaxHostConnections = 16  - Libcurl will limit the number of connections to a host
LogInit:  - LocalHostAddr = Default
LogInit:  - BufferSize = 65536
LogOnline: OSS: Creating online subsystem instance for: NULL
LogInit: WinSock: version 1.1 (2.2), MaxSocks=32767, MaxUdp=65467
LogOnline: OSS: TryLoadSubsystemAndSetDefault: Loaded subsystem for module [NULL]
LogOculusPluginWrapper: OculusPlugin initialized successfully
LogInit: Build: ++UE4+Release-4.25-CL-14469661
LogInit: Engine Version: 4.25.4-14469661+++UE4+Release-4.25
LogInit: Compatible Engine Version: 4.25.0-13144385+++UE4+Release-4.25
LogInit: Net CL: 13144385
LogInit: OS: Windows 10 (Release 1909) (), CPU: Intel(R) Core(TM) i5-9400F CPU @ 2.90GHz, GPU: NVIDIA GeForce RTX 2060 SUPER
LogInit: Compiled (64-bit): Oct 11 2020 08:10:49
LogInit: Compiled with Visual C++: 19.24.28315.00
LogInit: Build Configuration: Development
LogInit: Branch Name: ++UE4+Release-4.25
LogInit: Command Line: 
LogInit: Base Directory: F:/Program Files/Epic Games/UE_4.25/Engine/Binaries/Win64/
LogInit: Allocator: TBB
LogInit: Installed Engine Build: 1
LogDevObjectVersion: Number of dev versions registered: 26
LogDevObjectVersion:   Dev-Blueprints (B0D832E4-1F89-4F0D-ACCF-7EB736FD4AA2): 10
LogDevObjectVersion:   Dev-Build (E1C64328-A22C-4D53-A36C-8E866417BD8C): 0
LogDevObjectVersion:   Dev-Core (375EC13C-06E4-48FB-B500-84F0262A717E): 4
LogDevObjectVersion:   Dev-Editor (E4B068ED-F494-42E9-A231-DA0B2E46BB41): 38
LogDevObjectVersion:   Dev-Framework (CFFC743F-43B0-4480-9391-14DF171D2073): 37
LogDevObjectVersion:   Dev-Mobile (B02B49B5-BB20-44E9-A304-32B752E40360): 2
LogDevObjectVersion:   Dev-Networking (A4E4105C-59A1-49B5-A7C5-40C4547EDFEE): 0
LogDevObjectVersion:   Dev-Online (39C831C9-5AE6-47DC-9A44-9C173E1C8E7C): 0
LogDevObjectVersion:   Dev-Physics (78F01B33-EBEA-4F98-B9B4-84EACCB95AA2): 4
LogDevObjectVersion:   Dev-Platform (6631380F-2D4D-43E0-8009-CF276956A95A): 0
LogDevObjectVersion:   Dev-Rendering (12F88B9F-8875-4AFC-A67C-D90C383ABD29): 43
LogDevObjectVersion:   Dev-Sequencer (7B5AE74C-D270-4C10-A958-57980B212A5A): 12
LogDevObjectVersion:   Dev-VR (D7296918-1DD6-4BDD-9DE2-64A83CC13884): 3
LogDevObjectVersion:   Dev-LoadTimes (C2A15278-BFE7-4AFE-6C17-90FF531DF755): 1
LogDevObjectVersion:   Private-Geometry (6EACA3D4-40EC-4CC1-B786-8BED09428FC5): 3
LogDevObjectVersion:   Dev-AnimPhys (29E575DD-E0A3-4627-9D10-D276232CDCEA): 17
LogDevObjectVersion:   Dev-Anim (AF43A65D-7FD3-4947-9873-3E8ED9C1BB05): 7
LogDevObjectVersion:   Dev-ReflectionCapture (6B266CEC-1EC7-4B8F-A30B-E4D90942FC07): 1
LogDevObjectVersion:   Dev-Automation (0DF73D61-A23F-47EA-B727-89E90C41499A): 1
LogDevObjectVersion:   FortniteMain (601D1886-AC64-4F84-AA16-D3DE0DEAC7D6): 31
LogDevObjectVersion:   Dev-Enterprise (9DFFBCD6-494F-0158-E221-12823C92A888): 10
LogDevObjectVersion:   Dev-Niagara (F2AED0AC-9AFE-416F-8664-AA7FFA26D6FC): 1
LogDevObjectVersion:   Dev-Destruction (174F1F0B-B4C6-45A5-B13F-2EE8D0FB917D): 10
LogDevObjectVersion:   Dev-Physics-Ext (35F94A83-E258-406C-A318-09F59610247C): 37
LogDevObjectVersion:   Dev-PhysicsMaterial-Chaos (B68FC16E-8B1B-42E2-B453-215C058844FE): 1
LogDevObjectVersion:   Dev-CineCamera (B2E18506-4273-CFC2-A54E-F4BB758BBA07): 1
LogInit: Presizing for max 25165824 objects, including 0 objects not considered by GC, pre-allocating 0 bytes for permanent pool.
LogConfig: Applying CVar settings from Section [/Script/Engine.StreamingSettings] File [F:/Bellecour/Year 2 (2020-2021)/Project1 (Virtual Reality)/BowVR/BowUpdate2/Saved/Config/Windows/Engine.ini]
LogConfig: Setting CVar [[s.MinBulkDataSizeForAsyncLoading:131072]]
LogConfig: Setting CVar [[s.AsyncLoadingThreadEnabled:0]]
LogConfig: Setting CVar [[s.EventDrivenLoaderEnabled:1]]
LogConfig: Setting CVar [[s.WarnIfTimeLimitExceeded:0]]
LogConfig: Setting CVar [[s.TimeLimitExceededMultiplier:1.5]]
LogConfig: Setting CVar [[s.TimeLimitExceededMinTime:0.005]]
LogConfig: Setting CVar [[s.UseBackgroundLevelStreaming:1]]
LogConfig: Setting CVar [[s.PriorityAsyncLoadingExtraTime:15.0]]
LogConfig: Setting CVar [[s.LevelStreamingActorsUpdateTimeLimit:5.0]]
LogConfig: Setting CVar [[s.PriorityLevelStreamingActorsUpdateExtraTime:5.0]]
LogConfig: Setting CVar [[s.LevelStreamingComponentsRegistrationGranularity:10]]
LogConfig: Setting CVar [[s.UnregisterComponentsTimeLimit:1.0]]
LogConfig: Setting CVar [[s.LevelStreamingComponentsUnregistrationGranularity:5]]
LogConfig: Setting CVar [[s.FlushStreamingOnExit:1]]
LogInit: Object subsystem initialized
LogConfig: Setting CVar [[con.DebugEarlyDefault:1]]
LogConfig: Setting CVar [[r.setres:1280x720]]
[2020.10.24-10.23.20:905][  0]LogConfig: Setting CVar [[r.VSync:0]]
[2020.10.24-10.23.20:905][  0]LogConfig: Setting CVar [[r.RHICmdBypass:0]]
[2020.10.24-10.23.20:905][  0]LogConfig: Applying CVar settings from Section [/Script/Engine.RendererSettings] File [F:/Bellecour/Year 2 (2020-2021)/Project1 (Virtual Reality)/BowVR/BowUpdate2/Saved/Config/Windows/Engine.ini]
[2020.10.24-10.23.20:905][  0]LogConfig: Setting CVar [[r.GPUCrashDebugging:0]]
[2020.10.24-10.23.20:905][  0]LogConfig: Setting CVar [[r.DefaultFeature.AmbientOcclusion:0]]
[2020.10.24-10.23.20:905][  0]LogConfig: Setting CVar [[r.DefaultFeature.AmbientOcclusionStaticFraction:0]]
[2020.10.24-10.23.20:905][  0]LogConfig: Setting CVar [[vr.InstancedStereo:1]]
[2020.10.24-10.23.20:905][  0]LogConfig: Setting CVar [[r.SeparateTranslucency:0]]
[2020.10.24-10.23.20:905][  0]LogConfig: Setting CVar [[r.HZBOcclusion:0]]
[2020.10.24-10.23.20:905][  0]LogConfig: Setting CVar [[r.SSR.MaxRoughness:0]]
[2020.10.24-10.23.20:905][  0]LogConfig: Setting CVar [[r.rhicmdbypass:0]]
[2020.10.24-10.23.20:905][  0]LogConfig: Applying CVar settings from Section [/Script/Engine.RendererOverrideSettings] File [F:/Bellecour/Year 2 (2020-2021)/Project1 (Virtual Reality)/BowVR/BowUpdate2/Saved/Config/Windows/Engine.ini]
[2020.10.24-10.23.20:905][  0]LogConfig: Applying CVar settings from Section [/Script/Engine.StreamingSettings] File [F:/Bellecour/Year 2 (2020-2021)/Project1 (Virtual Reality)/BowVR/BowUpdate2/Saved/Config/Windows/Engine.ini]
[2020.10.24-10.23.20:905][  0]LogConfig: Setting CVar [[s.MinBulkDataSizeForAsyncLoading:131072]]
[2020.10.24-10.23.20:905][  0]LogConfig: Setting CVar [[s.AsyncLoadingThreadEnabled:0]]
[2020.10.24-10.23.20:905][  0]LogConfig: Setting CVar [[s.EventDrivenLoaderEnabled:1]]
[2020.10.24-10.23.20:905][  0]LogConfig: Setting CVar [[s.WarnIfTimeLimitExceeded:0]]
[2020.10.24-10.23.20:905][  0]LogConfig: Setting CVar [[s.TimeLimitExceededMultiplier:1.5]]
[2020.10.24-10.23.20:905][  0]LogConfig: Setting CVar [[s.TimeLimitExceededMinTime:0.005]]
[2020.10.24-10.23.20:905][  0]LogConfig: Setting CVar [[s.UseBackgroundLevelStreaming:1]]
[2020.10.24-10.23.20:905][  0]LogConfig: Setting CVar [[s.PriorityAsyncLoadingExtraTime:15.0]]
[2020.10.24-10.23.20:905][  0]LogConfig: Setting CVar [[s.LevelStreamingActorsUpdateTimeLimit:5.0]]
[2020.10.24-10.23.20:905][  0]LogConfig: Setting CVar [[s.PriorityLevelStreamingActorsUpdateExtraTime:5.0]]
[2020.10.24-10.23.20:905][  0]LogConfig: Setting CVar [[s.LevelStreamingComponentsRegistrationGranularity:10]]
[2020.10.24-10.23.20:905][  0]LogConfig: Setting CVar [[s.UnregisterComponentsTimeLimit:1.0]]
[2020.10.24-10.23.20:905][  0]LogConfig: Setting CVar [[s.LevelStreamingComponentsUnregistrationGranularity:5]]
[2020.10.24-10.23.20:905][  0]LogConfig: Setting CVar [[s.FlushStreamingOnExit:1]]
[2020.10.24-10.23.20:905][  0]LogConfig: Applying CVar settings from Section [/Script/Engine.GarbageCollectionSettings] File [F:/Bellecour/Year 2 (2020-2021)/Project1 (Virtual Reality)/BowVR/BowUpdate2/Saved/Config/Windows/Engine.ini]
[2020.10.24-10.23.20:905][  0]LogConfig: Setting CVar [[gc.MaxObjectsNotConsideredByGC:1]]
[2020.10.24-10.23.20:905][  0]LogConfig: Setting CVar [[gc.SizeOfPermanentObjectPool:0]]
[2020.10.24-10.23.20:905][  0]LogConfig: Setting CVar [[gc.FlushStreamingOnGC:0]]
[2020.10.24-10.23.20:905][  0]LogConfig: Setting CVar [[gc.NumRetriesBeforeForcingGC:10]]
[2020.10.24-10.23.20:905][  0]LogConfig: Setting CVar [[gc.AllowParallelGC:1]]
[2020.10.24-10.23.20:905][  0]LogConfig: Setting CVar [[gc.TimeBetweenPurgingPendingKillObjects:61.1]]
[2020.10.24-10.23.20:905][  0]LogConfig: Setting CVar [[gc.MaxObjectsInEditor:25165824]]
[2020.10.24-10.23.20:905][  0]LogConfig: Setting CVar [[gc.IncrementalBeginDestroyEnabled:1]]
[2020.10.24-10.23.20:905][  0]LogConfig: Setting CVar [[gc.CreateGCClusters:1]]
[2020.10.24-10.23.20:905][  0]LogConfig: Setting CVar [[gc.MinGCClusterSize:5]]
[2020.10.24-10.23.20:905][  0]LogConfig: Setting CVar [[gc.ActorClusteringEnabled:0]]
[2020.10.24-10.23.20:906][  0]LogConfig: Setting CVar [[gc.BlueprintClusteringEnabled:0]]
[2020.10.24-10.23.20:906][  0]LogConfig: Setting CVar [[gc.UseDisregardForGCOnDedicatedServers:0]]
[2020.10.24-10.23.20:906][  0]LogConfig: Applying CVar settings from Section [/Script/Engine.NetworkSettings] File [F:/Bellecour/Year 2 (2020-2021)/Project1 (Virtual Reality)/BowVR/BowUpdate2/Saved/Config/Windows/Engine.ini]
[2020.10.24-10.23.20:906][  0]LogConfig: Applying CVar settings from Section [/Script/UnrealEd.CookerSettings] File [F:/Bellecour/Year 2 (2020-2021)/Project1 (Virtual Reality)/BowVR/BowUpdate2/Saved/Config/Windows/Engine.ini]
[2020.10.24-10.23.20:912][  0]LogConfig: Applying CVar settings from Section [ViewDistanceQuality@3] File [F:/Bellecour/Year 2 (2020-2021)/Project1 (Virtual Reality)/BowVR/BowUpdate2/Saved/Config/Windows/Scalability.ini]
[2020.10.24-10.23.20:912][  0]LogConfig: Setting CVar [[r.SkeletalMeshLODBias:0]]
[2020.10.24-10.23.20:912][  0]LogConfig: Setting CVar [[r.ViewDistanceScale:1.0]]
[2020.10.24-10.23.20:912][  0]LogConfig: Applying CVar settings from Section [AntiAliasingQuality@3] File [F:/Bellecour/Year 2 (2020-2021)/Project1 (Virtual Reality)/BowVR/BowUpdate2/Saved/Config/Windows/Scalability.ini]
[2020.10.24-10.23.20:912][  0]LogConfig: Setting CVar [[r.PostProcessAAQuality:3]]
[2020.10.24-10.23.20:912][  0]LogConfig: Applying CVar settings from Section [ShadowQuality@3] File [F:/Bellecour/Year 2 (2020-2021)/Project1 (Virtual Reality)/BowVR/BowUpdate2/Saved/Config/Windows/Scalability.ini]
[2020.10.24-10.23.20:912][  0]LogConfig: Setting CVar [[r.LightFunctionQuality:1]]
[2020.10.24-10.23.20:912][  0]LogConfig: Setting CVar [[r.ShadowQuality:5]]
[2020.10.24-10.23.20:912][  0]LogConfig: Setting CVar [[r.Shadow.CSM.MaxCascades:10]]
[2020.10.24-10.23.20:912][  0]LogConfig: Setting CVar [[r.Shadow.MaxResolution:2048]]
[2020.10.24-10.23.20:912][  0]LogConfig: Setting CVar [[r.Shadow.MaxCSMResolution:2048]]
[2020.10.24-10.23.20:912][  0]LogConfig: Setting CVar [[r.Shadow.RadiusThreshold:0.01]]
[2020.10.24-10.23.20:912][  0]LogConfig: Setting CVar [[r.Shadow.DistanceScale:1.0]]
[2020.10.24-10.23.20:912][  0]LogConfig: Setting CVar [[r.Shadow.CSM.TransitionScale:1.0]]
[2020.10.24-10.23.20:912][  0]LogConfig: Setting CVar [[r.Shadow.PreShadowResolutionFactor:1.0]]
[2020.10.24-10.23.20:912][  0]LogConfig: Setting CVar [[r.DistanceFieldShadowing:1]]
[2020.10.24-10.23.20:912][  0]LogConfig: Setting CVar [[r.DistanceFieldAO:1]]
[2020.10.24-10.23.20:912][  0]LogConfig: Setting CVar [[r.AOQuality:2]]
[2020.10.24-10.23.20:912][  0]LogConfig: Setting CVar [[r.VolumetricFog:1]]
[2020.10.24-10.23.20:912][  0]LogConfig: Setting CVar [[r.VolumetricFog.GridPixelSize:8]]
[2020.10.24-10.23.20:912][  0]LogConfig: Setting CVar [[r.VolumetricFog.GridSizeZ:128]]
[2020.10.24-10.23.20:912][  0]LogConfig: Setting CVar [[r.VolumetricFog.HistoryMissSupersampleCount:4]]
[2020.10.24-10.23.20:913][  0]LogConfig: Setting CVar [[r.LightMaxDrawDistanceScale:1]]
[2020.10.24-10.23.20:913][  0]LogConfig: Setting CVar [[r.CapsuleShadows:1]]
[2020.10.24-10.23.20:913][  0]LogConfig: Applying CVar settings from Section [PostProcessQuality@3] File [F:/Bellecour/Year 2 (2020-2021)/Project1 (Virtual Reality)/BowVR/BowUpdate2/Saved/Config/Windows/Scalability.ini]
[2020.10.24-10.23.20:913][  0]LogConfig: Setting CVar [[r.MotionBlurQuality:0]]
[2020.10.24-10.23.20:913][  0]LogConfig: Setting CVar [[r.AmbientOcclusionMipLevelFactor:0.4]]
[2020.10.24-10.23.20:913][  0]LogConfig: Setting CVar [[r.AmbientOcclusionMaxQuality:100]]
[2020.10.24-10.23.20:913][  0]LogConfig: Setting CVar [[r.AmbientOcclusionLevels:0]]
[2020.10.24-10.23.20:913][  0]LogConfig: Setting CVar [[r.AmbientOcclusionRadiusScale:1.0]]
[2020.10.24-10.23.20:913][  0]LogConfig: Setting CVar [[r.DepthOfFieldQuality:0]]
[2020.10.24-10.23.20:913][  0]LogConfig: Setting CVar [[r.RenderTargetPoolMin:400]]
[2020.10.24-10.23.20:913][  0]LogConfig: Setting CVar [[r.LensFlareQuality:0]]
[2020.10.24-10.23.20:913][  0]LogConfig: Setting CVar [[r.SceneColorFringeQuality:0]]
[2020.10.24-10.23.20:913][  0]LogConfig: Setting CVar [[r.EyeAdaptationQuality:2]]
[2020.10.24-10.23.20:913][  0]LogConfig: Setting CVar [[r.BloomQuality:1]]
[2020.10.24-10.23.20:913][  0]LogConfig: Setting CVar [[r.FastBlurThreshold:0]]
[2020.10.24-10.23.20:913][  0]LogConfig: Setting CVar [[r.Upscale.Quality:3]]
[2020.10.24-10.23.20:913][  0]LogConfig: Setting CVar [[r.Tonemapper.GrainQuantization:1]]
[2020.10.24-10.23.20:913][  0]LogConfig: Setting CVar [[r.LightShaftQuality:1]]
[2020.10.24-10.23.20:913][  0]LogConfig: Setting CVar [[r.Filter.SizeScale:1]]
[2020.10.24-10.23.20:913][  0]LogConfig: Setting CVar [[r.Tonemapper.Quality:5]]
[2020.10.24-10.23.20:913][  0]LogConfig: Setting CVar [[r.DOF.Gather.AccumulatorQuality:1        ; higher gathering accumulator quality]]
[2020.10.24-10.23.20:913][  0]LogConfig: Setting CVar [[r.DOF.Gather.PostfilterMethod:1          ; Median3x3 postfilering method]]
[2020.10.24-10.23.20:913][  0]LogConfig: Setting CVar [[r.DOF.Gather.EnableBokehSettings:0       ; no bokeh simulation when gathering]]
[2020.10.24-10.23.20:913][  0]LogConfig: Setting CVar [[r.DOF.Gather.RingCount:4                 ; medium number of samples when gathering]]
[2020.10.24-10.23.20:913][  0]LogConfig: Setting CVar [[r.DOF.Scatter.ForegroundCompositing:1    ; additive foreground scattering]]
[2020.10.24-10.23.20:913][  0]LogConfig: Setting CVar [[r.DOF.Scatter.BackgroundCompositing:2    ; additive background scattering]]
[2020.10.24-10.23.20:913][  0]LogConfig: Setting CVar [[r.DOF.Scatter.EnableBokehSettings:1      ; bokeh simulation when scattering]]
[2020.10.24-10.23.20:913][  0]LogConfig: Setting CVar [[r.DOF.Scatter.MaxSpriteRatio:0.1         ; only a maximum of 10% of scattered bokeh]]
[2020.10.24-10.23.20:913][  0]LogConfig: Setting CVar [[r.DOF.Recombine.Quality:1                ; cheap slight out of focus]]
[2020.10.24-10.23.20:913][  0]LogConfig: Setting CVar [[r.DOF.Recombine.EnableBokehSettings:0    ; no bokeh simulation on slight out of focus]]
[2020.10.24-10.23.20:913][  0]LogConfig: Setting CVar [[r.DOF.TemporalAAQuality:1                ; more stable temporal accumulation]]
[2020.10.24-10.23.20:913][  0]LogConfig: Setting CVar [[r.DOF.Kernel.MaxForegroundRadius:0.025]]
[2020.10.24-10.23.20:913][  0]LogConfig: Setting CVar [[r.DOF.Kernel.MaxBackgroundRadius:0.025]]
[2020.10.24-10.23.20:913][  0]LogConfig: Applying CVar settings from Section [TextureQuality@3] File [F:/Bellecour/Year 2 (2020-2021)/Project1 (Virtual Reality)/BowVR/BowUpdate2/Saved/Config/Windows/Scalability.ini]
[2020.10.24-10.23.20:913][  0]LogConfig: Setting CVar [[r.Streaming.MipBias:0]]
[2020.10.24-10.23.20:914][  0]LogConfig: Setting CVar [[r.Streaming.AmortizeCPUToGPUCopy:0]]
[2020.10.24-10.23.20:914][  0]LogConfig: Setting CVar [[r.Streaming.MaxNumTexturesToStreamPerFrame:0]]
[2020.10.24-10.23.20:914][  0]LogConfig: Setting CVar [[r.Streaming.Boost:1]]
[2020.10.24-10.23.20:914][  0]LogConfig: Setting CVar [[r.MaxAnisotropy:8]]
[2020.10.24-10.23.20:914][  0]LogConfig: Setting CVar [[r.VT.MaxAnisotropy:8]]
[2020.10.24-10.23.20:914][  0]LogConfig: Setting CVar [[r.Streaming.LimitPoolSizeToVRAM:0]]
[2020.10.24-10.23.20:914][  0]LogConfig: Setting CVar [[r.Streaming.PoolSize:1000]]
[2020.10.24-10.23.20:914][  0]LogConfig: Setting CVar [[r.Streaming.MaxEffectiveScreenSize:0]]
[2020.10.24-10.23.20:914][  0]LogConfig: Applying CVar settings from Section [EffectsQuality@3] File [F:/Bellecour/Year 2 (2020-2021)/Project1 (Virtual Reality)/BowVR/BowUpdate2/Saved/Config/Windows/Scalability.ini]
[2020.10.24-10.23.20:914][  0]LogConfig: Setting CVar [[r.TranslucencyLightingVolumeDim:4]]
[2020.10.24-10.23.20:914][  0]LogConfig: Setting CVar [[r.RefractionQuality:2]]
[2020.10.24-10.23.20:914][  0]LogConfig: Setting CVar [[r.SSR.Quality:0]]
[2020.10.24-10.23.20:914][  0]LogConfig: Setting CVar [[r.SSR.HalfResSceneColor:0]]
[2020.10.24-10.23.20:914][  0]LogConfig: Setting CVar [[r.SceneColorFormat:2]]
[2020.10.24-10.23.20:914][  0]LogConfig: Setting CVar [[r.DetailMode:2]]
[2020.10.24-10.23.20:914][  0]LogConfig: Setting CVar [[r.TranslucencyVolumeBlur:0]]
[2020.10.24-10.23.20:914][  0]LogConfig: Setting CVar [[r.MaterialQualityLevel:1 ; High quality]]
[2020.10.24-10.23.20:914][  0]LogConfig: Setting CVar [[r.SSS.Scale:1]]
[2020.10.24-10.23.20:914][  0]LogConfig: Setting CVar [[r.SSS.SampleSet:2]]
[2020.10.24-10.23.20:914][  0]LogConfig: Setting CVar [[r.SSS.Quality:1]]
[2020.10.24-10.23.20:914][  0]LogConfig: Setting CVar [[r.SSS.HalfRes:0]]
[2020.10.24-10.23.20:914][  0]LogConfig: Setting CVar [[r.SSGI.Quality:3]]
[2020.10.24-10.23.20:914][  0]LogConfig: Setting CVar [[r.EmitterSpawnRateScale:1.0]]
[2020.10.24-10.23.20:914][  0]LogConfig: Setting CVar [[r.ParticleLightQuality:2]]
[2020.10.24-10.23.20:914][  0]LogConfig: Setting CVar [[r.SkyAtmosphere.AerialPerspectiveLUT.FastApplyOnOpaque:1 ; Always have FastSkyLUT 1 in this case to avoid wrong sky]]
[2020.10.24-10.23.20:914][  0]LogConfig: Setting CVar [[r.SkyAtmosphere.AerialPerspectiveLUT.SampleCountPerSlice:1]]
[2020.10.24-10.23.20:914][  0]LogConfig: Setting CVar [[r.SkyAtmosphere.AerialPerspectiveLUT.DepthResolution:16.0]]
[2020.10.24-10.23.20:914][  0]LogConfig: Setting CVar [[r.SkyAtmosphere.FastSkyLUT:1]]
[2020.10.24-10.23.20:914][  0]LogConfig: Setting CVar [[r.SkyAtmosphere.FastSkyLUT.SampleCountMin:4.0]]
[2020.10.24-10.23.20:914][  0]LogConfig: Setting CVar [[r.SkyAtmosphere.FastSkyLUT.SampleCountMax:32.0]]
[2020.10.24-10.23.20:914][  0]LogConfig: Setting CVar [[r.SkyAtmosphere.SampleCountMin:4.0]]
[2020.10.24-10.23.20:914][  0]LogConfig: Setting CVar [[r.SkyAtmosphere.SampleCountMax:32.0]]
[2020.10.24-10.23.20:914][  0]LogConfig: Setting CVar [[r.SkyAtmosphere.TransmittanceLUT.UseSmallFormat:0]]
[2020.10.24-10.23.20:914][  0]LogConfig: Setting CVar [[r.SkyAtmosphere.TransmittanceLUT.SampleCount:10.0]]
[2020.10.24-10.23.20:914][  0]LogConfig: Setting CVar [[r.SkyAtmosphere.MultiScatteringLUT.SampleCount:15.0]]
[2020.10.24-10.23.20:914][  0]LogConfig: Applying CVar settings from Section [FoliageQuality@3] File [F:/Bellecour/Year 2 (2020-2021)/Project1 (Virtual Reality)/BowVR/BowUpdate2/Saved/Config/Windows/Scalability.ini]
[2020.10.24-10.23.20:914][  0]LogConfig: Setting CVar [[foliage.DensityScale:1.0]]
[2020.10.24-10.23.20:914][  0]LogConfig: Setting CVar [[grass.DensityScale:1.0]]
[2020.10.24-10.23.20:914][  0]LogConfig: Applying CVar settings from Section [ShadingQuality@3] File [F:/Bellecour/Year 2 (2020-2021)/Project1 (Virtual Reality)/BowVR/BowUpdate2/Saved/Config/Windows/Scalability.ini]
[2020.10.24-10.23.20:914][  0]LogConfig: Setting CVar [[r.HairStrands.SkyLighting.SampleCount:16]]
[2020.10.24-10.23.20:915][  0]LogConfig: Setting CVar [[r.HairStrands.SkyLighting.JitterIntegration:0]]
[2020.10.24-10.23.20:915][  0]LogConfig: Setting CVar [[r.HairStrands.SkyAO.SampleCount:16]]
[2020.10.24-10.23.20:915][  0]LogConfig: Setting CVar [[r.HairStrands.DeepShadow.SuperSampling:0]]
[2020.10.24-10.23.20:915][  0]LogConfig: Setting CVar [[r.HairStrands.VisibilityPPLL:0]]
[2020.10.24-10.23.20:915][  0]LogConfig: Setting CVar [[r.HairStrands.RasterizationScale:0.5]]
[2020.10.24-10.23.20:915][  0]LogConfig: Setting CVar [[r.HairStrands.VelocityRasterizationScale:1]]
[2020.10.24-10.23.20:915][  0]LogInit: Selected Device Profile: [Windows]
[2020.10.24-10.23.20:915][  0]LogInit: Applying CVar settings loaded from the selected device profile: [Windows]
[2020.10.24-10.23.20:915][  0]LogHAL: Display: Platform has ~ 16 GB [17119318016 / 17179869184 / 16], which maps to Larger [LargestMinGB=32, LargerMinGB=12, DefaultMinGB=8, SmallerMinGB=6, SmallestMinGB=0)
[2020.10.24-10.23.20:915][  0]LogInit: Going up to parent DeviceProfile []
[2020.10.24-10.23.20:915][  0]LogConfig: Applying CVar settings from Section [ViewDistanceQuality@3] File [F:/Bellecour/Year 2 (2020-2021)/Project1 (Virtual Reality)/BowVR/BowUpdate2/Saved/Config/Windows/Scalability.ini]
[2020.10.24-10.23.20:915][  0]LogConfig: Setting CVar [[r.SkeletalMeshLODBias:0]]
[2020.10.24-10.23.20:915][  0]LogConfig: Setting CVar [[r.ViewDistanceScale:1.0]]
[2020.10.24-10.23.20:915][  0]LogConfig: Applying CVar settings from Section [AntiAliasingQuality@3] File [F:/Bellecour/Year 2 (2020-2021)/Project1 (Virtual Reality)/BowVR/BowUpdate2/Saved/Config/Windows/Scalability.ini]
[2020.10.24-10.23.20:915][  0]LogConfig: Setting CVar [[r.PostProcessAAQuality:3]]
[2020.10.24-10.23.20:915][  0]LogConfig: Applying CVar settings from Section [ShadowQuality@3] File [F:/Bellecour/Year 2 (2020-2021)/Project1 (Virtual Reality)/BowVR/BowUpdate2/Saved/Config/Windows/Scalability.ini]
[2020.10.24-10.23.20:915][  0]LogConfig: Setting CVar [[r.LightFunctionQuality:1]]
[2020.10.24-10.23.20:915][  0]LogConfig: Setting CVar [[r.ShadowQuality:5]]
[2020.10.24-10.23.20:915][  0]LogConfig: Setting CVar [[r.Shadow.CSM.MaxCascades:10]]
[2020.10.24-10.23.20:915][  0]LogConfig: Setting CVar [[r.Shadow.MaxResolution:2048]]
[2020.10.24-10.23.20:915][  0]LogConfig: Setting CVar [[r.Shadow.MaxCSMResolution:2048]]
[2020.10.24-10.23.20:915][  0]LogConfig: Setting CVar [[r.Shadow.RadiusThreshold:0.01]]
[2020.10.24-10.23.20:915][  0]LogConfig: Setting CVar [[r.Shadow.DistanceScale:1.0]]
[2020.10.24-10.23.20:915][  0]LogConfig: Setting CVar [[r.Shadow.CSM.TransitionScale:1.0]]
[2020.10.24-10.23.20:915][  0]LogConfig: Setting CVar [[r.Shadow.PreShadowResolutionFactor:1.0]]
[2020.10.24-10.23.20:915][  0]LogConfig: Setting CVar [[r.DistanceFieldShadowing:1]]
[2020.10.24-10.23.20:915][  0]LogConfig: Setting CVar [[r.DistanceFieldAO:1]]
[2020.10.24-10.23.20:915][  0]LogConfig: Setting CVar [[r.AOQuality:2]]
[2020.10.24-10.23.20:915][  0]LogConfig: Setting CVar [[r.VolumetricFog:1]]
[2020.10.24-10.23.20:915][  0]LogConfig: Setting CVar [[r.VolumetricFog.GridPixelSize:8]]
[2020.10.24-10.23.20:915][  0]LogConfig: Setting CVar [[r.VolumetricFog.GridSizeZ:128]]
[2020.10.24-10.23.20:915][  0]LogConfig: Setting CVar [[r.VolumetricFog.HistoryMissSupersampleCount:4]]
[2020.10.24-10.23.20:915][  0]LogConfig: Setting CVar [[r.LightMaxDrawDistanceScale:1]]
[2020.10.24-10.23.20:916][  0]LogConfig: Setting CVar [[r.CapsuleShadows:1]]
[2020.10.24-10.23.20:916][  0]LogConfig: Applying CVar settings from Section [PostProcessQuality@3] File [F:/Bellecour/Year 2 (2020-2021)/Project1 (Virtual Reality)/BowVR/BowUpdate2/Saved/Config/Windows/Scalability.ini]
[2020.10.24-10.23.20:916][  0]LogConfig: Setting CVar [[r.MotionBlurQuality:0]]
[2020.10.24-10.23.20:916][  0]LogConfig: Setting CVar [[r.AmbientOcclusionMipLevelFactor:0.4]]
[2020.10.24-10.23.20:916][  0]LogConfig: Setting CVar [[r.AmbientOcclusionMaxQuality:100]]
[2020.10.24-10.23.20:916][  0]LogConfig: Setting CVar [[r.AmbientOcclusionLevels:0]]
[2020.10.24-10.23.20:916][  0]LogConfig: Setting CVar [[r.AmbientOcclusionRadiusScale:1.0]]
[2020.10.24-10.23.20:916][  0]LogConfig: Setting CVar [[r.DepthOfFieldQuality:0]]
[2020.10.24-10.23.20:916][  0]LogConfig: Setting CVar [[r.RenderTargetPoolMin:400]]
[2020.10.24-10.23.20:916][  0]LogConfig: Setting CVar [[r.LensFlareQuality:0]]
[2020.10.24-10.23.20:916][  0]LogConfig: Setting CVar [[r.SceneColorFringeQuality:0]]
[2020.10.24-10.23.20:916][  0]LogConfig: Setting CVar [[r.EyeAdaptationQuality:2]]
[2020.10.24-10.23.20:916][  0]LogConfig: Setting CVar [[r.BloomQuality:1]]
[2020.10.24-10.23.20:916][  0]LogConfig: Setting CVar [[r.FastBlurThreshold:0]]
[2020.10.24-10.23.20:916][  0]LogConfig: Setting CVar [[r.Upscale.Quality:3]]
[2020.10.24-10.23.20:916][  0]LogConfig: Setting CVar [[r.Tonemapper.GrainQuantization:1]]
[2020.10.24-10.23.20:916][  0]LogConfig: Setting CVar [[r.LightShaftQuality:1]]
[2020.10.24-10.23.20:916][  0]LogConfig: Setting CVar [[r.Filter.SizeScale:1]]
[2020.10.24-10.23.20:916][  0]LogConfig: Setting CVar [[r.Tonemapper.Quality:5]]
[2020.10.24-10.23.20:916][  0]LogConfig: Setting CVar [[r.DOF.Gather.AccumulatorQuality:1        ; higher gathering accumulator quality]]
[2020.10.24-10.23.20:916][  0]LogConfig: Setting CVar [[r.DOF.Gather.PostfilterMethod:1          ; Median3x3 postfilering method]]
[2020.10.24-10.23.20:916][  0]LogConfig: Setting CVar [[r.DOF.Gather.EnableBokehSettings:0       ; no bokeh simulation when gathering]]
[2020.10.24-10.23.20:916][  0]LogConfig: Setting CVar [[r.DOF.Gather.RingCount:4                 ; medium number of samples when gathering]]
[2020.10.24-10.23.20:916][  0]LogConfig: Setting CVar [[r.DOF.Scatter.ForegroundCompositing:1    ; additive foreground scattering]]
[2020.10.24-10.23.20:916][  0]LogConfig: Setting CVar [[r.DOF.Scatter.BackgroundCompositing:2    ; additive background scattering]]
[2020.10.24-10.23.20:916][  0]LogConfig: Setting CVar [[r.DOF.Scatter.EnableBokehSettings:1      ; bokeh simulation when scattering]]
[2020.10.24-10.23.20:916][  0]LogConfig: Setting CVar [[r.DOF.Scatter.MaxSpriteRatio:0.1         ; only a maximum of 10% of scattered bokeh]]
[2020.10.24-10.23.20:916][  0]LogConfig: Setting CVar [[r.DOF.Recombine.Quality:1                ; cheap slight out of focus]]
[2020.10.24-10.23.20:916][  0]LogConfig: Setting CVar [[r.DOF.Recombine.EnableBokehSettings:0    ; no bokeh simulation on slight out of focus]]
[2020.10.24-10.23.20:916][  0]LogConfig: Setting CVar [[r.DOF.TemporalAAQuality:1                ; more stable temporal accumulation]]
[2020.10.24-10.23.20:916][  0]LogConfig: Setting CVar [[r.DOF.Kernel.MaxForegroundRadius:0.025]]
[2020.10.24-10.23.20:916][  0]LogConfig: Setting CVar [[r.DOF.Kernel.MaxBackgroundRadius:0.025]]
[2020.10.24-10.23.20:916][  0]LogConfig: Applying CVar settings from Section [TextureQuality@3] File [F:/Bellecour/Year 2 (2020-2021)/Project1 (Virtual Reality)/BowVR/BowUpdate2/Saved/Config/Windows/Scalability.ini]
[2020.10.24-10.23.20:916][  0]LogConfig: Setting CVar [[r.Streaming.MipBias:0]]
[2020.10.24-10.23.20:916][  0]LogConfig: Setting CVar [[r.Streaming.AmortizeCPUToGPUCopy:0]]
[2020.10.24-10.23.20:916][  0]LogConfig: Setting CVar [[r.Streaming.MaxNumTexturesToStreamPerFrame:0]]
[2020.10.24-10.23.20:916][  0]LogConfig: Setting CVar [[r.Streaming.Boost:1]]
[2020.10.24-10.23.20:916][  0]LogConfig: Setting CVar [[r.MaxAnisotropy:8]]
[2020.10.24-10.23.20:916][  0]LogConfig: Setting CVar [[r.VT.MaxAnisotropy:8]]
[2020.10.24-10.23.20:916][  0]LogConfig: Setting CVar [[r.Streaming.LimitPoolSizeToVRAM:0]]
[2020.10.24-10.23.20:916][  0]LogConfig: Setting CVar [[r.Streaming.PoolSize:1000]]
[2020.10.24-10.23.20:916][  0]LogConfig: Setting CVar [[r.Streaming.MaxEffectiveScreenSize:0]]
[2020.10.24-10.23.20:916][  0]LogConfig: Applying CVar settings from Section [EffectsQuality@3] File [F:/Bellecour/Year 2 (2020-2021)/Project1 (Virtual Reality)/BowVR/BowUpdate2/Saved/Config/Windows/Scalability.ini]
[2020.10.24-10.23.20:916][  0]LogConfig: Setting CVar [[r.TranslucencyLightingVolumeDim:4]]
[2020.10.24-10.23.20:917][  0]LogConfig: Setting CVar [[r.RefractionQuality:2]]
[2020.10.24-10.23.20:917][  0]LogConfig: Setting CVar [[r.SSR.Quality:0]]
[2020.10.24-10.23.20:917][  0]LogConfig: Setting CVar [[r.SSR.HalfResSceneColor:0]]
[2020.10.24-10.23.20:917][  0]LogConfig: Setting CVar [[r.SceneColorFormat:2]]
[2020.10.24-10.23.20:917][  0]LogConfig: Setting CVar [[r.DetailMode:2]]
[2020.10.24-10.23.20:917][  0]LogConfig: Setting CVar [[r.TranslucencyVolumeBlur:0]]
[2020.10.24-10.23.20:917][  0]LogConfig: Setting CVar [[r.MaterialQualityLevel:1 ; High quality]]
[2020.10.24-10.23.20:917][  0]LogConfig: Setting CVar [[r.SSS.Scale:1]]
[2020.10.24-10.23.20:917][  0]LogConfig: Setting CVar [[r.SSS.SampleSet:2]]
[2020.10.24-10.23.20:917][  0]LogConfig: Setting CVar [[r.SSS.Quality:1]]
[2020.10.24-10.23.20:917][  0]LogConfig: Setting CVar [[r.SSS.HalfRes:0]]
[2020.10.24-10.23.20:917][  0]LogConfig: Setting CVar [[r.SSGI.Quality:3]]
[2020.10.24-10.23.20:917][  0]LogConfig: Setting CVar [[r.EmitterSpawnRateScale:1.0]]
[2020.10.24-10.23.20:917][  0]LogConfig: Setting CVar [[r.ParticleLightQuality:2]]
[2020.10.24-10.23.20:917][  0]LogConfig: Setting CVar [[r.SkyAtmosphere.AerialPerspectiveLUT.FastApplyOnOpaque:1 ; Always have FastSkyLUT 1 in this case to avoid wrong sky]]
[2020.10.24-10.23.20:917][  0]LogConfig: Setting CVar [[r.SkyAtmosphere.AerialPerspectiveLUT.SampleCountPerSlice:1]]
[2020.10.24-10.23.20:917][  0]LogConfig: Setting CVar [[r.SkyAtmosphere.AerialPerspectiveLUT.DepthResolution:16.0]]
[2020.10.24-10.23.20:917][  0]LogConfig: Setting CVar [[r.SkyAtmosphere.FastSkyLUT:1]]
[2020.10.24-10.23.20:917][  0]LogConfig: Setting CVar [[r.SkyAtmosphere.FastSkyLUT.SampleCountMin:4.0]]
[2020.10.24-10.23.20:917][  0]LogConfig: Setting CVar [[r.SkyAtmosphere.FastSkyLUT.SampleCountMax:32.0]]
[2020.10.24-10.23.20:917][  0]LogConfig: Setting CVar [[r.SkyAtmosphere.SampleCountMin:4.0]]
[2020.10.24-10.23.20:917][  0]LogConfig: Setting CVar [[r.SkyAtmosphere.SampleCountMax:32.0]]
[2020.10.24-10.23.20:917][  0]LogConfig: Setting CVar [[r.SkyAtmosphere.TransmittanceLUT.UseSmallFormat:0]]
[2020.10.24-10.23.20:917][  0]LogConfig: Setting CVar [[r.SkyAtmosphere.TransmittanceLUT.SampleCount:10.0]]
[2020.10.24-10.23.20:917][  0]LogConfig: Setting CVar [[r.SkyAtmosphere.MultiScatteringLUT.SampleCount:15.0]]
[2020.10.24-10.23.20:917][  0]LogConfig: Applying CVar settings from Section [FoliageQuality@3] File [F:/Bellecour/Year 2 (2020-2021)/Project1 (Virtual Reality)/BowVR/BowUpdate2/Saved/Config/Windows/Scalability.ini]
[2020.10.24-10.23.20:917][  0]LogConfig: Setting CVar [[foliage.DensityScale:1.0]]
[2020.10.24-10.23.20:917][  0]LogConfig: Setting CVar [[grass.DensityScale:1.0]]
[2020.10.24-10.23.20:917][  0]LogConfig: Applying CVar settings from Section [ShadingQuality@3] File [F:/Bellecour/Year 2 (2020-2021)/Project1 (Virtual Reality)/BowVR/BowUpdate2/Saved/Config/Windows/Scalability.ini]
[2020.10.24-10.23.20:917][  0]LogConfig: Setting CVar [[r.HairStrands.SkyLighting.SampleCount:16]]
[2020.10.24-10.23.20:917][  0]LogConfig: Setting CVar [[r.HairStrands.SkyLighting.JitterIntegration:0]]
[2020.10.24-10.23.20:917][  0]LogConfig: Setting CVar [[r.HairStrands.SkyAO.SampleCount:16]]
[2020.10.24-10.23.20:917][  0]LogConfig: Setting CVar [[r.HairStrands.DeepShadow.SuperSampling:0]]
[2020.10.24-10.23.20:917][  0]LogConfig: Setting CVar [[r.HairStrands.VisibilityPPLL:0]]
[2020.10.24-10.23.20:917][  0]LogConfig: Setting CVar [[r.HairStrands.RasterizationScale:0.5]]
[2020.10.24-10.23.20:917][  0]LogConfig: Setting CVar [[r.HairStrands.VelocityRasterizationScale:1]]
[2020.10.24-10.23.20:917][  0]LogConfig: Applying CVar settings from Section [Startup] File [../../../Engine/Config/ConsoleVariables.ini]
[2020.10.24-10.23.20:918][  0]LogConfig: Setting CVar [[net.UseAdaptiveNetUpdateFrequency:0]]
[2020.10.24-10.23.20:918][  0]LogConfig: Setting CVar [[p.chaos.AllowCreatePhysxBodies:1]]
[2020.10.24-10.23.20:918][  0]LogConfig: Setting CVar [[fx.SkipVectorVMBackendOptimizations:1]]
[2020.10.24-10.23.20:918][  0]LogConfig: Applying CVar settings from Section [ConsoleVariables] File [F:/Bellecour/Year 2 (2020-2021)/Project1 (Virtual Reality)/BowVR/BowUpdate2/Saved/Config/Windows/Engine.ini]
[2020.10.24-10.23.20:918][  0]LogInit: Computer: DESKTOP-TMNA3TP
[2020.10.24-10.23.20:918][  0]LogInit: User: pdogp
[2020.10.24-10.23.20:918][  0]LogInit: CPU Page size=4096, Cores=6
[2020.10.24-10.23.20:918][  0]LogInit: High frequency timer resolution =10.000000 MHz
[2020.10.24-10.23.20:918][  0]LogMemory: Memory total: Physical=15.9GB (16GB approx)
[2020.10.24-10.23.20:918][  0]LogMemory: Platform Memory Stats for Windows
[2020.10.24-10.23.20:918][  0]LogMemory: Process Physical Memory: 120.19 MB used, 120.19 MB peak
[2020.10.24-10.23.20:918][  0]LogMemory: Process Virtual Memory: 102.40 MB used, 102.40 MB peak
[2020.10.24-10.23.20:918][  0]LogMemory: Physical Memory: 10918.00 MB used,  5408.25 MB free, 16326.25 MB total
[2020.10.24-10.23.20:919][  0]LogMemory: Virtual Memory: 5155.85 MB used,  134212576.00 MB free, 134217728.00 MB total
[2020.10.24-10.23.20:929][  0]LogWindows: WindowsPlatformFeatures enabled
[2020.10.24-10.23.21:035][  0]LogInit: Physics initialised using underlying interface: PhysX
[2020.10.24-10.23.21:036][  0]LogInit: Using OS detected language (en-GB).
[2020.10.24-10.23.21:036][  0]LogInit: Using OS detected locale (en-GB).
[2020.10.24-10.23.21:039][  0]LogTextLocalizationManager: No specific localization for 'en-GB' exists, so the 'en' localization will be used.
[2020.10.24-10.23.21:227][  0]LogInit: Setting process to per monitor DPI aware
[2020.10.24-10.23.21:268][  0]LogSlate: New Slate User Created.  User Index 0, Is Virtual User: 0
[2020.10.24-10.23.21:268][  0]LogSlate: Slate User Registered.  User Index 0, Is Virtual User: 0
[2020.10.24-10.23.21:631][  0]LogD3D11RHI: D3D11 min allowed feature level: 11_0
[2020.10.24-10.23.21:631][  0]LogD3D11RHI: D3D11 max allowed feature level: 11_0
[2020.10.24-10.23.21:631][  0]LogD3D11RHI: D3D11 adapters:
[2020.10.24-10.23.21:712][  0]LogD3D11RHI:    0. 'NVIDIA GeForce RTX 2060 SUPER' (Feature Level 11_0)
[2020.10.24-10.23.21:712][  0]LogD3D11RHI:       8031/0/8163 MB DedicatedVideo/DedicatedSystem/SharedSystem, Outputs:2, VendorId:0x10de
[2020.10.24-10.23.21:718][  0]LogD3D11RHI:    1. 'Microsoft Basic Render Driver' (Feature Level 11_0)
[2020.10.24-10.23.21:718][  0]LogD3D11RHI:       0/0/8163 MB DedicatedVideo/DedicatedSystem/SharedSystem, Outputs:0, VendorId:0x1414
[2020.10.24-10.23.21:718][  0]LogD3D11RHI: Chosen D3D11 Adapter: 0
[2020.10.24-10.23.21:727][  0]LogD3D11RHI: Creating new Direct3DDevice
[2020.10.24-10.23.21:727][  0]LogD3D11RHI:     GPU DeviceId: 0x1f06 (for the marketing name, search the web for "GPU Device Id")
[2020.10.24-10.23.21:727][  0]LogWindows: EnumDisplayDevices:
[2020.10.24-10.23.21:728][  0]LogWindows:    0. 'NVIDIA GeForce RTX 2060 SUPER' (P:1 D:1)
[2020.10.24-10.23.21:728][  0]LogWindows:    1. 'NVIDIA GeForce RTX 2060 SUPER' (P:0 D:1)
[2020.10.24-10.23.21:729][  0]LogWindows:    2. 'NVIDIA GeForce RTX 2060 SUPER' (P:0 D:0)
[2020.10.24-10.23.21:729][  0]LogWindows:    3. 'NVIDIA GeForce RTX 2060 SUPER' (P:0 D:0)
[2020.10.24-10.23.21:730][  0]LogWindows: DebugString: FoundDriverCount:4 
[2020.10.24-10.23.21:730][  0]LogD3D11RHI:     Adapter Name: NVIDIA GeForce RTX 2060 SUPER
[2020.10.24-10.23.21:730][  0]LogD3D11RHI:   Driver Version: 456.71 (internal:27.21.14.5671, unified:456.71)
[2020.10.24-10.23.21:730][  0]LogD3D11RHI:      Driver Date: 9-30-2020
[2020.10.24-10.23.21:730][  0]LogRHI: Texture pool is 5621 MB (70% of 8031 MB)
[2020.10.24-10.23.21:789][  0]LogD3D11RHI: RHI has support for 64 bit atomics
[2020.10.24-10.23.21:790][  0]LogD3D11RHI: Async texture creation enabled
[2020.10.24-10.23.21:790][  0]LogD3D11RHI: Array index from any shader is supported
[2020.10.24-10.23.21:827][  0]LogD3D11RHI: GPU Timing Frequency: 1000.000000 (Debug: 2 2)
[2020.10.24-10.23.22:331][  0]LogTargetPlatformManager: Display: Loaded TargetPlatform 'AllDesktop'
[2020.10.24-10.23.22:356][  0]LogTargetPlatformManager: Display: Loaded TargetPlatform 'Android'
[2020.10.24-10.23.22:356][  0]LogTargetPlatformManager: Display: Loaded TargetPlatform 'Android_ASTC'
[2020.10.24-10.23.22:356][  0]LogTargetPlatformManager: Display: Loaded TargetPlatform 'Android_DXT'
[2020.10.24-10.23.22:356][  0]LogTargetPlatformManager: Display: Loaded TargetPlatform 'Android_ETC2'
[2020.10.24-10.23.22:356][  0]LogTargetPlatformManager: Display: Loaded TargetPlatform 'AndroidClient'
[2020.10.24-10.23.22:356][  0]LogTargetPlatformManager: Display: Loaded TargetPlatform 'Android_ASTCClient'
[2020.10.24-10.23.22:356][  0]LogTargetPlatformManager: Display: Loaded TargetPlatform 'Android_DXTClient'
[2020.10.24-10.23.22:356][  0]LogTargetPlatformManager: Display: Loaded TargetPlatform 'Android_ETC2Client'
[2020.10.24-10.23.22:356][  0]LogTargetPlatformManager: Display: Loaded TargetPlatform 'Android_Multi'
[2020.10.24-10.23.22:356][  0]LogTargetPlatformManager: Display: Loaded TargetPlatform 'Android_MultiClient'
[2020.10.24-10.23.22:389][  0]LogTargetPlatformManager: Display: Loaded TargetPlatform 'IOSClient'
[2020.10.24-10.23.22:389][  0]LogTargetPlatformManager: Display: Loaded TargetPlatform 'IOS'
[2020.10.24-10.23.22:405][  0]LogTargetPlatformManager: Display: Loaded TargetPlatform 'Linux'
[2020.10.24-10.23.22:419][  0]LogTargetPlatformManager: Display: Loaded TargetPlatform 'LinuxNoEditor'
[2020.10.24-10.23.22:433][  0]LogTargetPlatformManager: Display: Loaded TargetPlatform 'LinuxClient'
[2020.10.24-10.23.22:453][  0]LogTargetPlatformManager: Display: Loaded TargetPlatform 'LinuxServer'
[2020.10.24-10.23.22:468][  0]LogTargetPlatformManager: Display: Loaded TargetPlatform 'LinuxAArch64NoEditor'
[2020.10.24-10.23.22:485][  0]LogTargetPlatformManager: Display: Loaded TargetPlatform 'LinuxAArch64Client'
[2020.10.24-10.23.22:499][  0]LogTargetPlatformManager: Display: Loaded TargetPlatform 'LinuxAArch64Server'
[2020.10.24-10.23.22:531][  0]LogTargetPlatformManager: Display: Loaded TargetPlatform 'Lumin'
[2020.10.24-10.23.22:531][  0]LogTargetPlatformManager: Display: Loaded TargetPlatform 'LuminClient'
[2020.10.24-10.23.22:551][  0]LogTargetPlatformManager: Display: Loaded TargetPlatform 'TVOSClient'
[2020.10.24-10.23.22:551][  0]LogTargetPlatformManager: Display: Loaded TargetPlatform 'TVOS'
[2020.10.24-10.23.22:563][  0]LogTargetPlatformManager: Display: Loaded TargetPlatform 'WindowsNoEditor'
[2020.10.24-10.23.22:575][  0]LogTargetPlatformManager: Display: Loaded TargetPlatform 'Windows'
[2020.10.24-10.23.22:587][  0]LogTargetPlatformManager: Display: Loaded TargetPlatform 'WindowsClient'
[2020.10.24-10.23.22:600][  0]LogTargetPlatformManager: Display: Loaded TargetPlatform 'WindowsServer'
[2020.10.24-10.23.22:600][  0]LogTargetPlatformManager: Display: Building Assets For Windows
[2020.10.24-10.23.22:620][  0]LogAudioDebug: Display: Lib vorbis DLL was dynamically loaded.
[2020.10.24-10.23.22:740][  0]LogShaderCompilers: Guid format shader working directory is -45 characters bigger than the processId version (../../../../../../Bellecour/Year 2 (2020-2021)/Project1 (Virtual Reality)/BowVR/BowUpdate2/Intermediate/Shaders/WorkingDirectory/23608/).
[2020.10.24-10.23.22:740][  0]LogShaderCompilers: Cleaned the shader compiler working directory 'C:/Users/pdogp/AppData/Local/Temp/UnrealShaderWorkingDir/72054F0D46A4DE8FE0840EA522498EE9/'.
[2020.10.24-10.23.22:741][  0]LogXGEController: Cannot use XGE Controller as Incredibuild is not installed on this machine.
[2020.10.24-10.23.22:741][  0]LogShaderCompilers: Cannot use XGE Shader Compiler as Incredibuild is not installed on this machine.
[2020.10.24-10.23.22:741][  0]LogShaderCompilers: Display: Using Local Shader Compiler.
[2020.10.24-10.23.23:580][  0]LogDerivedDataCache: Display: Max Cache Size: 512 MB
[2020.10.24-10.23.23:643][  0]LogDerivedDataCache: Loaded boot cache 0.06s 98MB C:/Users/pdogp/AppData/Local/UnrealEngine/4.25/DerivedDataCache/Boot.ddc.
[2020.10.24-10.23.23:643][  0]LogDerivedDataCache: Display: Loaded Boot cache: C:/Users/pdogp/AppData/Local/UnrealEngine/4.25/DerivedDataCache/Boot.ddc
[2020.10.24-10.23.23:643][  0]LogDerivedDataCache: FDerivedDataBackendGraph:  Pak pak cache file ../../../../../../Bellecour/Year 2 (2020-2021)/Project1 (Virtual Reality)/BowVR/BowUpdate2/DerivedDataCache/DDC.ddp not found, will not use a pak cache.
[2020.10.24-10.23.23:643][  0]LogDerivedDataCache: Unable to find inner node Pak for hierarchical cache Hierarchy.
[2020.10.24-10.23.23:643][  0]LogDerivedDataCache: FDerivedDataBackendGraph:  CompressedPak pak cache file ../../../../../../Bellecour/Year 2 (2020-2021)/Project1 (Virtual Reality)/BowVR/BowUpdate2/DerivedDataCache/Compressed.ddp not found, will not use a pak cache.
[2020.10.24-10.23.23:643][  0]LogDerivedDataCache: Unable to find inner node CompressedPak for hierarchical cache Hierarchy.
[2020.10.24-10.23.23:654][  0]LogDerivedDataCache: Display: Pak cache opened for reading ../../../Engine/DerivedDataCache/Compressed.ddp.
[2020.10.24-10.23.23:654][  0]LogDerivedDataCache: FDerivedDataBackendGraph:  EnterprisePak pak cache file ../../../Enterprise/DerivedDataCache/Compressed.ddp not found, will not use a pak cache.
[2020.10.24-10.23.23:654][  0]LogDerivedDataCache: Unable to find inner node EnterprisePak for hierarchical cache Hierarchy.
[2020.10.24-10.23.23:656][  0]LogDerivedDataCache: Using Local data cache path C:/Users/pdogp/AppData/Local/UnrealEngine/Common/DerivedDataCache: Writable
[2020.10.24-10.23.23:656][  0]LogDerivedDataCache: Shared data cache path not found in *engine.ini, will not use an Shared cache.
[2020.10.24-10.23.23:656][  0]LogDerivedDataCache: Unable to find inner node Shared for hierarchical cache Hierarchy.
[2020.10.24-10.23.23:718][  0]LogSlate: Using FreeType 2.10.0
[2020.10.24-10.23.23:719][  0]LogSlate: SlateFontServices - WITH_FREETYPE: 1, WITH_HARFBUZZ: 1
[2020.10.24-10.23.23:760][  0]LogAssetRegistry: FAssetRegistry took 0.0034 seconds to start up
[2020.10.24-10.23.24:041][  0]LogInit: Selected Device Profile: [Windows]
[2020.10.24-10.23.24:186][  0]LogMeshReduction: Using QuadricMeshReduction for automatic static mesh reduction
[2020.10.24-10.23.24:186][  0]LogMeshReduction: Using SimplygonMeshReduction for automatic skeletal mesh reduction
[2020.10.24-10.23.24:186][  0]LogMeshReduction: Using ProxyLODMeshReduction for automatic mesh merging
[2020.10.24-10.23.24:186][  0]LogMeshReduction: No distributed automatic mesh merging module available
[2020.10.24-10.23.24:186][  0]LogMeshMerging: No distributed automatic mesh merging module available
[2020.10.24-10.23.24:209][  0]LogNetVersion: BowUpdate2 1.0.0, NetCL: 13144385, EngineNetVer: 14, GameNetVer: 0 (Checksum: 4015060849)
[2020.10.24-10.23.24:760][  0]LogAISub: UAISubsystem::UAISubsystem AISubsystem (0000029C9416F880), frame # 0
[2020.10.24-10.23.24:760][  0]LogAISub: UAISubsystem::UAISubsystem AIPerceptionSystem (0000029C94175E40), frame # 0
[2020.10.24-10.23.24:761][  0]LogAISub: UAISubsystem::UAISubsystem EnvQueryManager (0000029C94183000), frame # 0
[2020.10.24-10.23.24:823][  0]LogPackageLocalizationCache: Processed 21 localized package path(s) for 1 prioritized culture(s) in 0.054928 seconds
[2020.10.24-10.23.24:828][  0]LogUObjectArray: 15917 objects as part of root set at end of initial load.
[2020.10.24-10.23.24:828][  0]LogUObjectAllocator: 3965568 out of 0 bytes used by permanent object pool.
[2020.10.24-10.23.24:828][  0]LogUObjectArray: CloseDisregardForGC: 0/0 objects in disregard for GC pool
[2020.10.24-10.23.25:224][  0]LogPython: Using Python 2.7.14
[2020.10.24-10.23.26:115][  0]LogTcpMessaging: Initializing TcpMessaging bridge
[2020.10.24-10.23.26:122][  0]LogUdpMessaging: Initializing bridge on interface 0.0.0.0:0 to multicast group 230.0.0.1:6666.
[2020.10.24-10.23.26:270][  0]SourceControl: Source control is disabled
[2020.10.24-10.23.26:270][  0]SourceControl: Source control is disabled
[2020.10.24-10.23.26:276][  0]SourceControl: Source control is disabled
[2020.10.24-10.23.26:281][  0]SourceControl: Source control is disabled
[2020.10.24-10.23.26:295][  0]SourceControl: Source control is disabled
[2020.10.24-10.23.26:757][  0]LogAndroidPermission: UAndroidPermissionCallbackProxy::GetInstance
[2020.10.24-10.23.26:804][  0]LogAudioCaptureCore: Display: No Audio Capture implementations found. Audio input will be silent.
[2020.10.24-10.23.26:804][  0]LogAudioCaptureCore: Display: No Audio Capture implementations found. Audio input will be silent.
[2020.10.24-10.23.26:897][  0]LogOcInput: OculusInput pre-init called
[2020.10.24-10.23.27:703][  0]LogEngine: Initializing Engine...
[2020.10.24-10.23.27:704][  0]LogHMD: Oculus plugin initialized. Version: 4.25.4-14469661+++UE4+Release-4.25, OVRPlugin: 1.44.0
[2020.10.24-10.23.27:705][  0]LogStats: UGameplayTagsManager::InitializeManager -  0.000 s
[2020.10.24-10.23.27:840][  0]LogInit: Initializing FReadOnlyCVARCache
[2020.10.24-10.23.27:855][  0]LogAIModule: Creating AISystem for world Untitled
[2020.10.24-10.23.27:855][  0]LogAISub: UAISubsystem::UAISubsystem EnvQueryManager (0000029CA31BE800), frame # 0
[2020.10.24-10.23.27:855][  0]LogAISub: UAISubsystem::UAISubsystem AIPerceptionSystem (0000029CA321CB80), frame # 0
[2020.10.24-10.23.27:870][  0]LogAudioMixer: Display: Audio Mixer Platform Settings:
[2020.10.24-10.23.27:871][  0]LogAudioMixer: Display: 	Sample Rate:						  48000
[2020.10.24-10.23.27:871][  0]LogAudioMixer: Display: 	Callback Buffer Frame Size Requested: 1024
[2020.10.24-10.23.27:871][  0]LogAudioMixer: Display: 	Callback Buffer Frame Size To Use:	  1024
[2020.10.24-10.23.27:871][  0]LogAudioMixer: Display: 	Number of buffers to queue:			  2
[2020.10.24-10.23.27:871][  0]LogAudioMixer: Display: 	Max Channels (voices):				  32
[2020.10.24-10.23.27:871][  0]LogAudioMixer: Display: 	Number of Async Source Workers:		  0
[2020.10.24-10.23.27:871][  0]LogAudio: Display: AudioDevice MaxSources: 32
[2020.10.24-10.23.27:871][  0]LogAudio: Display: Using built-in audio occlusion.
[2020.10.24-10.23.27:871][  0]LogAudioMixer: Display: Initializing audio mixer.
[2020.10.24-10.23.27:904][  0]LogAudioMixer: Display: 0: FrontLeft
[2020.10.24-10.23.27:904][  0]LogAudioMixer: Display: 1: FrontRight
[2020.10.24-10.23.27:961][  0]LogAudioMixer: Display: Using Audio Device Headphones (Oculus Virtual Audio Device)
[2020.10.24-10.23.27:964][  0]LogAudioMixer: Display: Initializing Sound Submixes...
[2020.10.24-10.23.27:967][  0]LogAudioMixer: Display: Creating Master Submix 'MasterSubmixDefault'
[2020.10.24-10.23.27:967][  0]LogAudioMixer: Display: Creating Master Submix 'MasterReverbSubmixDefault'
[2020.10.24-10.23.27:968][  0]LogAudioMixer: Display: Creating Master Submix 'MasterEQSubmixDefault'
[2020.10.24-10.23.27:969][  0]LogInit: FAudioDevice initialized.
[2020.10.24-10.23.27:969][  0]LogNetVersion: Set ProjectVersion to 1.0.0.0. Version Checksum will be recalculated on next use.
[2020.10.24-10.23.28:019][  0]LogDerivedDataCache: Saved boot cache 0.05s 80MB C:/Users/pdogp/AppData/Local/UnrealEngine/4.25/DerivedDataCache/Boot.ddc.
[2020.10.24-10.23.28:022][  0]LogInit: Texture streaming: Enabled
[2020.10.24-10.23.28:053][  0]LogEngineSessionManager: EngineSessionManager initialized
[2020.10.24-10.23.28:053][  0]LogEditorSessionSummary: Verbose: Initializing EditorSessionSummaryWriter for editor session tracking
[2020.10.24-10.23.28:065][  0]LogEditorSessionSummary: EditorSessionSummaryWriter initialized
[2020.10.24-10.23.28:113][  0]LogInit: Transaction tracking system initialized
[2020.10.24-10.23.28:149][  0]BlueprintLog: New page: Editor Load
[2020.10.24-10.23.28:269][  0]LocalizationService: Localization service is disabled
[2020.10.24-10.23.28:480][  0]LogCook: Display: Max memory allowance for cook 16384mb min free memory 0mb
[2020.10.24-10.23.28:480][  0]LogCook: Display: Mobile HDR setting 1
[2020.10.24-10.23.28:724][  0]LogFileCache: Scanning file cache for directory 'F:/Bellecour/Year 2 (2020-2021)/Project1 (Virtual Reality)/BowVR/BowUpdate2/Content/' took 0.00s
[2020.10.24-10.23.28:998][  0]SourceControl: Source control is disabled
[2020.10.24-10.23.28:998][  0]LogUnrealEdMisc: Loading editor; pre map load, took 11.784
[2020.10.24-10.23.28:999][  0]LightingResults: New page: Lighting Build
[2020.10.24-10.23.29:000][  0]LogWorld: UWorld::CleanupWorld for Untitled, bSessionEnded=true, bCleanupResources=true
[2020.10.24-10.23.29:000][  0]LogSlate: InvalidateAllWidgets triggered.  All widgets were invalidated
[2020.10.24-10.23.29:000][  0]MapCheck: New page: Map Check
[2020.10.24-10.23.29:000][  0]LightingResults: New page: Lighting Build
[2020.10.24-10.23.29:009][  0]LogAISub: UAISubsystem::~UAISubsystem EnvQueryManager (0000029CA31BE800), frame # 0
[2020.10.24-10.23.29:009][  0]LogAISub: UAISubsystem::~UAISubsystem AIPerceptionSystem (0000029CA321CB80), frame # 0
[2020.10.24-10.23.29:010][  0]LogUObjectHash: Compacting FUObjectHashTables data took   0.68ms
[2020.10.24-10.23.29:325][  0]LogAIModule: Creating AISystem for world MotionControllerMap
[2020.10.24-10.23.29:325][  0]LogAISub: UAISubsystem::UAISubsystem EnvQueryManager (0000029CAAA2BE00), frame # 0
[2020.10.24-10.23.29:325][  0]LogAISub: UAISubsystem::UAISubsystem AIPerceptionSystem (0000029C841E6980), frame # 0
[2020.10.24-10.23.29:335][  0]LogEditorServer: Finished looking for orphan Actors (0.000 secs)
[2020.10.24-10.23.29:348][  0]LogUObjectHash: Compacting FUObjectHashTables data took   0.91ms
[2020.10.24-10.23.29:348][  0]Cmd: MAP CHECKDEP NOCLEARLOG
[2020.10.24-10.23.29:348][  0]MapCheck: Map check complete: 0 Error(s), 0 Warning(s), took 0.086ms to complete.
[2020.10.24-10.23.29:348][  0]LogFileHelpers: Loading map 'MotionControllerMap' took 0.350
[2020.10.24-10.23.29:350][  0]LogUnrealEdMisc: Total Editor Startup Time, took 12.136
[2020.10.24-10.23.29:474][  0]LogSlate: Updating window title bar state: overlay mode, drag disabled, window buttons hidden, title bar hidden
[2020.10.24-10.23.29:481][  0]LogSlate: Updating window title bar state: overlay mode, drag disabled, window buttons hidden, title bar hidden
[2020.10.24-10.23.29:488][  0]LogSlate: Updating window title bar state: overlay mode, drag disabled, window buttons hidden, title bar hidden
[2020.10.24-10.23.29:495][  0]LogSlate: Updating window title bar state: overlay mode, drag disabled, window buttons hidden, title bar hidden
[2020.10.24-10.23.29:510][  0]LogCollectionManager: Loaded 0 collections in 0.001247 seconds
[2020.10.24-10.23.29:525][  0]LogFileCache: Scanning file cache for directory 'F:/Bellecour/Year 2 (2020-2021)/Project1 (Virtual Reality)/BowVR/BowUpdate2/Saved/Collections/' took 0.00s
[2020.10.24-10.23.29:525][  0]LogFileCache: Scanning file cache for directory 'F:/Bellecour/Year 2 (2020-2021)/Project1 (Virtual Reality)/BowVR/BowUpdate2/Content/Developers/pdogp/Collections/' took 0.00s
[2020.10.24-10.23.29:525][  0]LogFileCache: Scanning file cache for directory 'F:/Bellecour/Year 2 (2020-2021)/Project1 (Virtual Reality)/BowVR/BowUpdate2/Content/Collections/' took 0.00s
[2020.10.24-10.23.29:525][  0]LogContentBrowser: Native class hierarchy populated in 0.0086 seconds. Added 3446 classes and 828 folders.
[2020.10.24-10.23.29:529][  0]LogContentBrowser: Native class hierarchy updated for 'WidgetCarousel' in 0.0003 seconds. Added 0 classes and 0 folders.
[2020.10.24-10.23.29:649][  0]LogContentBrowser: Native class hierarchy updated for 'AddContentDialog' in 0.0003 seconds. Added 0 classes and 0 folders.
[2020.10.24-10.23.29:650][  0]LogContentBrowser: Native class hierarchy updated for 'SceneOutliner' in 0.0004 seconds. Added 2 classes and 0 folders.
[2020.10.24-10.23.29:742][  0]LogSlate: Took 0.000299 seconds to synchronously load lazily loaded font '../../../Engine/Content/Slate/Fonts/Roboto-Regular.ttf' (155K)
[2020.10.24-10.23.29:743][  0]LogSlate: Took 0.000262 seconds to synchronously load lazily loaded font '../../../Engine/Content/Slate/Fonts/Roboto-Bold.ttf' (160K)
[2020.10.24-10.23.29:748][  0]LogSlate: Took 0.000270 seconds to synchronously load lazily loaded font '../../../Engine/Content/Editor/Slate/Fonts/FontAwesome.ttf' (139K)
[2020.10.24-10.23.29:817][  0]LogRenderer: Reallocating scene render targets to support 1064x560 Format 26 NumSamples 1 (Frame:1).
[2020.10.24-10.23.29:854][  0]LogSlate: Took 0.000284 seconds to synchronously load lazily loaded font '../../../Engine/Content/Slate/Fonts/Roboto-Light.ttf' (167K)
[2020.10.24-10.23.29:907][  0]LogContentBrowser: Native class hierarchy updated for 'HierarchicalLODOutliner' in 0.0003 seconds. Added 0 classes and 0 folders.
[2020.10.24-10.23.29:907][  0]LogLoad: (Engine Initialization) Total time: 12.69 seconds
[2020.10.24-10.23.29:907][  0]LogLoad: (Engine Initialization) Total Blueprint compile time: 0.00 seconds
[2020.10.24-10.23.29:923][  0]LogOcInput: OculusInput is initialized
[2020.10.24-10.23.29:993][  0]LogAssetRegistry: Asset discovery search completed in 6.2335 seconds
[2020.10.24-10.23.29:997][  0]LogCollectionManager: Fixed up redirectors for 0 collections in 0.000002 seconds (updated 0 objects)
[2020.10.24-10.23.29:998][  0]LogContentStreaming: Texture pool size now 1000 MB
[2020.10.24-10.23.31:262][  4]LogSlate: Took 0.000321 seconds to synchronously load lazily loaded font '../../../Engine/Content/Slate/Fonts/Roboto-Light.ttf' (167K)
[2020.10.24-10.23.32:594][  8]LogTemp: Repeating last play command: VR Preview
[2020.10.24-10.23.32:608][  8]LogPlayLevel: PlayLevel: No blueprints needed recompiling
[2020.10.24-10.23.32:608][  8]LogHMD: Initializing OVRPlugin session
[2020.10.24-10.23.32:791][  8]LogHMD: Allocating Oculus 4128 x 2080 rendertarget swapchain
[2020.10.24-10.23.32:792][  8]PIE: New page: PIE session: MotionControllerMap (24 Oct 2020, 14:23:32)
[2020.10.24-10.23.32:793][  8]LogOnline: OSS: Creating online subsystem instance for: NULL
[2020.10.24-10.23.32:795][  8]LogOnline: OSS: TryLoadSubsystemAndSetDefault: Loaded subsystem for module [NULL]
[2020.10.24-10.23.32:795][  8]LogPlayLevel: Creating play world package: /Game/VirtualRealityBP/Maps/UEDPIE_0_MotionControllerMap
[2020.10.24-10.23.32:803][  8]LogPlayLevel: PIE: StaticDuplicateObject took: (0.008178s)
[2020.10.24-10.23.32:804][  8]LogAIModule: Creating AISystem for world MotionControllerMap
[2020.10.24-10.23.32:804][  8]LogAISub: UAISubsystem::UAISubsystem EnvQueryManager (0000029CCE81FE00), frame # 8
[2020.10.24-10.23.32:804][  8]LogAISub: UAISubsystem::UAISubsystem AIPerceptionSystem (0000029C8433D940), frame # 8
[2020.10.24-10.23.32:805][  8]LogPlayLevel: PIE: World Init took: (0.001321s)
[2020.10.24-10.23.32:805][  8]LogPlayLevel: PIE: Created PIE world by copying editor world from /Game/VirtualRealityBP/Maps/MotionControllerMap.MotionControllerMap to /Game/VirtualRealityBP/Maps/UEDPIE_0_MotionControllerMap.MotionControllerMap (0.009716s)
[2020.10.24-10.23.32:813][  8]LogUObjectHash: Compacting FUObjectHashTables data took   0.67ms
[2020.10.24-10.23.32:818][  8]LogAudioMixer: Display: Audio Mixer Platform Settings:
[2020.10.24-10.23.32:818][  8]LogAudioMixer: Display: 	Sample Rate:						  48000
[2020.10.24-10.23.32:818][  8]LogAudioMixer: Display: 	Callback Buffer Frame Size Requested: 1024
[2020.10.24-10.23.32:818][  8]LogAudioMixer: Display: 	Callback Buffer Frame Size To Use:	  1024
[2020.10.24-10.23.32:818][  8]LogAudioMixer: Display: 	Number of buffers to queue:			  2
[2020.10.24-10.23.32:818][  8]LogAudioMixer: Display: 	Max Channels (voices):				  32
[2020.10.24-10.23.32:818][  8]LogAudioMixer: Display: 	Number of Async Source Workers:		  0
[2020.10.24-10.23.32:818][  8]LogAudio: Display: AudioDevice MaxSources: 32
[2020.10.24-10.23.32:818][  8]LogAudio: Display: Using built-in audio occlusion.
[2020.10.24-10.23.32:818][  8]LogAudioMixer: Display: Initializing audio mixer.
[2020.10.24-10.23.32:825][  8]LogAudioMixer: Display: 0: FrontLeft
[2020.10.24-10.23.32:826][  8]LogAudioMixer: Display: 1: FrontRight
[2020.10.24-10.23.32:833][  8]LogAudioMixer: Display: 0: FrontLeft
[2020.10.24-10.23.32:833][  8]LogAudioMixer: Display: 1: FrontRight
[2020.10.24-10.23.32:857][  8]LogAudioMixer: Display: Using Audio Device Headphones (Oculus Virtual Audio Device)
[2020.10.24-10.23.32:858][  8]LogAudioMixer: Display: Initializing Sound Submixes...
[2020.10.24-10.23.32:858][  8]LogAudioMixer: Display: Creating Master Submix 'MasterSubmixDefault'
[2020.10.24-10.23.32:858][  8]LogAudioMixer: Display: Creating Master Submix 'MasterReverbSubmixDefault'
[2020.10.24-10.23.32:858][  8]LogAudioMixer: Display: Creating Master Submix 'MasterEQSubmixDefault'
[2020.10.24-10.23.32:872][  8]LogInit: FAudioDevice initialized.
[2020.10.24-10.23.32:882][  8]LogSlate: Updating window title bar state: overlay mode, drag disabled, window buttons hidden, title bar hidden
[2020.10.24-10.23.32:915][  8]LogLoad: Game class is 'GameModeBase'
[2020.10.24-10.23.32:918][  8]LogWorld: Bringing World /Game/VirtualRealityBP/Maps/UEDPIE_0_MotionControllerMap.MotionControllerMap up for play (max tick rate 0) at 2020.10.24-12.23.32
[2020.10.24-10.23.32:918][  8]LogWorld: Bringing up level for play took: 0.002067
[2020.10.24-10.23.32:919][  8]LogOnline: OSS: Creating online subsystem instance for: :Context_2
[2020.10.24-10.23.32:922][  8]LogContentBrowser: Native class hierarchy updated for 'MovieSceneCapture' in 0.0004 seconds. Added 20 classes and 0 folders.
[2020.10.24-10.23.32:927][  8]PIE: Server logged in
[2020.10.24-10.23.32:928][  8]PIE: Play in editor total start time 0.324 seconds.
[2020.10.24-10.23.32:929][  8]LogEngine: Changing dynamic resolution state.
[2020.10.24-10.23.32:961][  8]LogSlate: Window 'BowUpdate2 Preview [NetMode: Standalone] (64-bit/Windows) OculusHMD' being destroyed
[2020.10.24-10.23.32:969][  8]LogWorld: BeginTearingDown for /Game/VirtualRealityBP/Maps/UEDPIE_0_MotionControllerMap
[2020.10.24-10.23.32:970][  8]LogWorld: UWorld::CleanupWorld for MotionControllerMap, bSessionEnded=true, bCleanupResources=true
[2020.10.24-10.23.32:970][  8]LogSlate: InvalidateAllWidgets triggered.  All widgets were invalidated
[2020.10.24-10.23.32:981][  8]LogPlayLevel: Display: Shutting down PIE online subsystems
[2020.10.24-10.23.32:982][  8]LogSlate: InvalidateAllWidgets triggered.  All widgets were invalidated
[2020.10.24-10.23.33:007][  8]LogAISub: UAISubsystem::~UAISubsystem AIPerceptionSystem (0000029C8433D940), frame # 8
[2020.10.24-10.23.33:007][  8]LogAISub: UAISubsystem::~UAISubsystem EnvQueryManager (0000029CCE81FE00), frame # 8
[2020.10.24-10.23.33:008][  8]LogUObjectHash: Compacting FUObjectHashTables data took   0.57ms
[2020.10.24-10.23.33:027][  8]LogRenderer: Releasing previous depth to switch default clear from depth: 0.000000 stencil: 0 to depth: 0.000000 stencil: 0
[2020.10.24-10.23.33:038][  9]LogPlayLevel: Display: Destroying online subsystem :Context_2
[2020.10.24-10.23.34:042][126]LogTemp: Repeating last play command: VR Preview
[2020.10.24-10.23.34:061][126]LogPlayLevel: PlayLevel: No blueprints needed recompiling
[2020.10.24-10.23.34:061][126]LogHMD: Initializing OVRPlugin session
[2020.10.24-10.23.34:202][126]LogHMD: Allocating Oculus 4128 x 2080 rendertarget swapchain
[2020.10.24-10.23.34:204][126]PIE: New page: PIE session: MotionControllerMap (24 Oct 2020, 14:23:34)
[2020.10.24-10.23.34:204][126]LogPlayLevel: Creating play world package: /Game/VirtualRealityBP/Maps/UEDPIE_0_MotionControllerMap
[2020.10.24-10.23.34:211][126]LogPlayLevel: PIE: StaticDuplicateObject took: (0.007543s)
[2020.10.24-10.23.34:212][126]LogAIModule: Creating AISystem for world MotionControllerMap
[2020.10.24-10.23.34:212][126]LogAISub: UAISubsystem::UAISubsystem EnvQueryManager (0000029CB5B3F800), frame # 126
[2020.10.24-10.23.34:212][126]LogAISub: UAISubsystem::UAISubsystem AIPerceptionSystem (0000029C8421C2C0), frame # 126
[2020.10.24-10.23.34:213][126]LogPlayLevel: PIE: World Init took: (0.001090s)
[2020.10.24-10.23.34:213][126]LogPlayLevel: PIE: Created PIE world by copying editor world from /Game/VirtualRealityBP/Maps/MotionControllerMap.MotionControllerMap to /Game/VirtualRealityBP/Maps/UEDPIE_0_MotionControllerMap.MotionControllerMap (0.008810s)
[2020.10.24-10.23.34:221][126]LogUObjectHash: Compacting FUObjectHashTables data took   0.70ms
[2020.10.24-10.23.34:222][126]LogAudioMixer: Display: Audio Mixer Platform Settings:
[2020.10.24-10.23.34:222][126]LogAudioMixer: Display: 	Sample Rate:						  48000
[2020.10.24-10.23.34:222][126]LogAudioMixer: Display: 	Callback Buffer Frame Size Requested: 1024
[2020.10.24-10.23.34:222][126]LogAudioMixer: Display: 	Callback Buffer Frame Size To Use:	  1024
[2020.10.24-10.23.34:222][126]LogAudioMixer: Display: 	Number of buffers to queue:			  2
[2020.10.24-10.23.34:222][126]LogAudioMixer: Display: 	Max Channels (voices):				  32
[2020.10.24-10.23.34:222][126]LogAudioMixer: Display: 	Number of Async Source Workers:		  0
[2020.10.24-10.23.34:222][126]LogAudio: Display: AudioDevice MaxSources: 32
[2020.10.24-10.23.34:223][126]LogAudio: Display: Using built-in audio occlusion.
[2020.10.24-10.23.34:223][126]LogAudioMixer: Display: Initializing audio mixer.
[2020.10.24-10.23.34:230][126]LogAudioMixer: Display: 0: FrontLeft
[2020.10.24-10.23.34:230][126]LogAudioMixer: Display: 1: FrontRight
[2020.10.24-10.23.34:237][126]LogAudioMixer: Display: 0: FrontLeft
[2020.10.24-10.23.34:237][126]LogAudioMixer: Display: 1: FrontRight
[2020.10.24-10.23.34:261][126]LogAudioMixer: Display: Using Audio Device Headphones (Oculus Virtual Audio Device)
[2020.10.24-10.23.34:261][126]LogAudioMixer: Display: Initializing Sound Submixes...
[2020.10.24-10.23.34:261][126]LogAudioMixer: Display: Creating Master Submix 'MasterSubmixDefault'
[2020.10.24-10.23.34:261][126]LogAudioMixer: Display: Creating Master Submix 'MasterReverbSubmixDefault'
[2020.10.24-10.23.34:262][126]LogAudioMixer: Display: Creating Master Submix 'MasterEQSubmixDefault'
[2020.10.24-10.23.34:274][126]LogInit: FAudioDevice initialized.
[2020.10.24-10.23.34:282][126]LogSlate: Updating window title bar state: overlay mode, drag disabled, window buttons hidden, title bar hidden
[2020.10.24-10.23.34:297][126]LogLoad: Game class is 'GameModeBase'
[2020.10.24-10.23.34:300][126]LogWorld: Bringing World /Game/VirtualRealityBP/Maps/UEDPIE_0_MotionControllerMap.MotionControllerMap up for play (max tick rate 0) at 2020.10.24-12.23.34
[2020.10.24-10.23.34:300][126]LogWorld: Bringing up level for play took: 0.002208
[2020.10.24-10.23.34:300][126]LogOnline: OSS: Creating online subsystem instance for: :Context_3
[2020.10.24-10.23.34:308][126]PIE: Server logged in
[2020.10.24-10.23.34:310][126]PIE: Play in editor total start time 0.254 seconds.
[2020.10.24-10.23.34:342][126]LogSlate: Window 'BowUpdate2 Preview [NetMode: Standalone] (64-bit/Windows) OculusHMD' being destroyed
[2020.10.24-10.23.34:350][126]LogWorld: BeginTearingDown for /Game/VirtualRealityBP/Maps/UEDPIE_0_MotionControllerMap
[2020.10.24-10.23.34:351][126]LogWorld: UWorld::CleanupWorld for MotionControllerMap, bSessionEnded=true, bCleanupResources=true
[2020.10.24-10.23.34:351][126]LogSlate: InvalidateAllWidgets triggered.  All widgets were invalidated
[2020.10.24-10.23.34:360][126]LogPlayLevel: Display: Shutting down PIE online subsystems
[2020.10.24-10.23.34:361][126]LogSlate: InvalidateAllWidgets triggered.  All widgets were invalidated
[2020.10.24-10.23.34:391][126]LogAISub: UAISubsystem::~UAISubsystem AIPerceptionSystem (0000029C8421C2C0), frame # 126
[2020.10.24-10.23.34:391][126]LogAISub: UAISubsystem::~UAISubsystem EnvQueryManager (0000029CB5B3F800), frame # 126
[2020.10.24-10.23.34:392][126]LogUObjectHash: Compacting FUObjectHashTables data took   0.57ms
[2020.10.24-10.23.34:425][127]LogPlayLevel: Display: Destroying online subsystem :Context_3
[2020.10.24-10.23.41:538][483]LogTemp: Repeating last play command: VR Preview
[2020.10.24-10.23.41:550][483]LogPlayLevel: PlayLevel: No blueprints needed recompiling
[2020.10.24-10.23.41:550][483]LogHMD: Initializing OVRPlugin session
[2020.10.24-10.23.42:182][483]LogAudioMixer: Warning: Changing default audio render device to new device: {0.0.0.00000000}.{f8dd062f-8885-4749-8f8b-0aad4f731e69}.
[2020.10.24-10.23.43:262][483]LogHMD: Allocating Oculus 4128 x 2080 rendertarget swapchain
[2020.10.24-10.23.43:264][483]PIE: New page: PIE session: MotionControllerMap (24 Oct 2020, 14:23:43)
[2020.10.24-10.23.43:270][483]LogTemp: Resetting audio stream to device id 
[2020.10.24-10.23.43:299][483]LogAudioMixer: Display: 0: FrontLeft
[2020.10.24-10.23.43:299][483]LogAudioMixer: Display: 1: FrontRight
[2020.10.24-10.23.43:387][483]LogPlayLevel: Creating play world package: /Game/VirtualRealityBP/Maps/UEDPIE_0_MotionControllerMap
[2020.10.24-10.23.43:397][483]LogPlayLevel: PIE: StaticDuplicateObject took: (0.009117s)
[2020.10.24-10.23.43:398][483]LogAIModule: Creating AISystem for world MotionControllerMap
[2020.10.24-10.23.43:398][483]LogAISub: UAISubsystem::UAISubsystem EnvQueryManager (0000029CCE680A00), frame # 483
[2020.10.24-10.23.43:398][483]LogAISub: UAISubsystem::UAISubsystem AIPerceptionSystem (0000029C83FBF4C0), frame # 483
[2020.10.24-10.23.43:398][483]LogPlayLevel: PIE: World Init took: (0.001301s)
[2020.10.24-10.23.43:398][483]LogPlayLevel: PIE: Created PIE world by copying editor world from /Game/VirtualRealityBP/Maps/MotionControllerMap.MotionControllerMap to /Game/VirtualRealityBP/Maps/UEDPIE_0_MotionControllerMap.MotionControllerMap (0.010789s)
[2020.10.24-10.23.43:406][483]LogUObjectHash: Compacting FUObjectHashTables data took   0.66ms
[2020.10.24-10.23.43:407][483]LogAudioMixer: Display: Audio Mixer Platform Settings:
[2020.10.24-10.23.43:407][483]LogAudioMixer: Display: 	Sample Rate:						  48000
[2020.10.24-10.23.43:407][483]LogAudioMixer: Display: 	Callback Buffer Frame Size Requested: 1024
[2020.10.24-10.23.43:408][483]LogAudioMixer: Display: 	Callback Buffer Frame Size To Use:	  1024
[2020.10.24-10.23.43:408][483]LogAudioMixer: Display: 	Number of buffers to queue:			  2
[2020.10.24-10.23.43:408][483]LogAudioMixer: Display: 	Max Channels (voices):				  32
[2020.10.24-10.23.43:408][483]LogAudioMixer: Display: 	Number of Async Source Workers:		  0
[2020.10.24-10.23.43:408][483]LogAudio: Display: AudioDevice MaxSources: 32
[2020.10.24-10.23.43:408][483]LogAudio: Display: Using built-in audio occlusion.
[2020.10.24-10.23.43:408][483]LogAudioMixer: Display: Initializing audio mixer.
[2020.10.24-10.23.43:416][483]LogAudioMixer: Display: 0: FrontLeft
[2020.10.24-10.23.43:416][483]LogAudioMixer: Display: 1: FrontRight
[2020.10.24-10.23.43:424][483]LogAudioMixer: Display: 0: FrontLeft
[2020.10.24-10.23.43:424][483]LogAudioMixer: Display: 1: FrontRight
[2020.10.24-10.23.43:465][483]LogAudioMixer: Display: Using Audio Device Headphones (Oculus Virtual Audio Device)
[2020.10.24-10.23.43:465][483]LogAudioMixer: Display: Initializing Sound Submixes...
[2020.10.24-10.23.43:465][483]LogAudioMixer: Display: Creating Master Submix 'MasterSubmixDefault'
[2020.10.24-10.23.43:465][483]LogAudioMixer: Display: Creating Master Submix 'MasterReverbSubmixDefault'
[2020.10.24-10.23.43:466][483]LogAudioMixer: Display: Creating Master Submix 'MasterEQSubmixDefault'
[2020.10.24-10.23.43:483][483]LogInit: FAudioDevice initialized.
[2020.10.24-10.23.43:495][483]LogSlate: Updating window title bar state: overlay mode, drag disabled, window buttons hidden, title bar hidden
[2020.10.24-10.23.43:506][483]LogLoad: Game class is 'GameModeBase'
[2020.10.24-10.23.43:508][483]LogWorld: Bringing World /Game/VirtualRealityBP/Maps/UEDPIE_0_MotionControllerMap.MotionControllerMap up for play (max tick rate 0) at 2020.10.24-12.23.43
[2020.10.24-10.23.43:509][483]LogWorld: Bringing up level for play took: 0.002386
[2020.10.24-10.23.43:509][483]LogOnline: OSS: Creating online subsystem instance for: :Context_4
[2020.10.24-10.23.43:516][483]PIE: Server logged in
[2020.10.24-10.23.43:517][483]PIE: Play in editor total start time 1.971 seconds.
[2020.10.24-10.23.43:548][483]LogSlate: Window 'BowUpdate2 Preview [NetMode: Standalone] (64-bit/Windows) OculusHMD' being destroyed
[2020.10.24-10.23.43:556][483]LogWorld: BeginTearingDown for /Game/VirtualRealityBP/Maps/UEDPIE_0_MotionControllerMap
[2020.10.24-10.23.43:556][483]LogWorld: UWorld::CleanupWorld for MotionControllerMap, bSessionEnded=true, bCleanupResources=true
[2020.10.24-10.23.43:557][483]LogSlate: InvalidateAllWidgets triggered.  All widgets were invalidated
[2020.10.24-10.23.43:565][483]LogPlayLevel: Display: Shutting down PIE online subsystems
[2020.10.24-10.23.43:567][483]LogSlate: InvalidateAllWidgets triggered.  All widgets were invalidated
[2020.10.24-10.23.43:596][483]LogAISub: UAISubsystem::~UAISubsystem AIPerceptionSystem (0000029C83FBF4C0), frame # 483
[2020.10.24-10.23.43:596][483]LogAISub: UAISubsystem::~UAISubsystem EnvQueryManager (0000029CCE680A00), frame # 483
[2020.10.24-10.23.43:598][483]LogUObjectHash: Compacting FUObjectHashTables data took   0.89ms
[2020.10.24-10.23.43:624][484]LogPlayLevel: Display: Destroying online subsystem :Context_4
[2020.10.24-10.23.44:539][579]LogTemp: Repeating last play command: VR Preview
[2020.10.24-10.23.44:564][579]LogPlayLevel: PlayLevel: No blueprints needed recompiling
[2020.10.24-10.23.44:564][579]LogHMD: Initializing OVRPlugin session
[2020.10.24-10.23.44:737][579]LogHMD: Allocating Oculus 4128 x 2080 rendertarget swapchain
[2020.10.24-10.23.44:739][579]PIE: New page: PIE session: MotionControllerMap (24 Oct 2020, 14:23:44)
[2020.10.24-10.23.44:739][579]LogPlayLevel: Creating play world package: /Game/VirtualRealityBP/Maps/UEDPIE_0_MotionControllerMap
[2020.10.24-10.23.44:749][579]LogPlayLevel: PIE: StaticDuplicateObject took: (0.010186s)
[2020.10.24-10.23.44:750][579]LogAIModule: Creating AISystem for world MotionControllerMap
[2020.10.24-10.23.44:750][579]LogAISub: UAISubsystem::UAISubsystem EnvQueryManager (0000029CA2A6B200), frame # 579
[2020.10.24-10.23.44:750][579]LogAISub: UAISubsystem::UAISubsystem AIPerceptionSystem (0000029C84243380), frame # 579
[2020.10.24-10.23.44:750][579]LogPlayLevel: PIE: World Init took: (0.001129s)
[2020.10.24-10.23.44:750][579]LogPlayLevel: PIE: Created PIE world by copying editor world from /Game/VirtualRealityBP/Maps/MotionControllerMap.MotionControllerMap to /Game/VirtualRealityBP/Maps/UEDPIE_0_MotionControllerMap.MotionControllerMap (0.011547s)
[2020.10.24-10.23.44:760][579]LogUObjectHash: Compacting FUObjectHashTables data took   0.62ms
[2020.10.24-10.23.44:761][579]LogAudioMixer: Display: Audio Mixer Platform Settings:
[2020.10.24-10.23.44:761][579]LogAudioMixer: Display: 	Sample Rate:						  48000
[2020.10.24-10.23.44:761][579]LogAudioMixer: Display: 	Callback Buffer Frame Size Requested: 1024
[2020.10.24-10.23.44:761][579]LogAudioMixer: Display: 	Callback Buffer Frame Size To Use:	  1024
[2020.10.24-10.23.44:761][579]LogAudioMixer: Display: 	Number of buffers to queue:			  2
[2020.10.24-10.23.44:761][579]LogAudioMixer: Display: 	Max Channels (voices):				  32
[2020.10.24-10.23.44:761][579]LogAudioMixer: Display: 	Number of Async Source Workers:		  0
[2020.10.24-10.23.44:761][579]LogAudio: Display: AudioDevice MaxSources: 32
[2020.10.24-10.23.44:761][579]LogAudio: Display: Using built-in audio occlusion.
[2020.10.24-10.23.44:761][579]LogAudioMixer: Display: Initializing audio mixer.
[2020.10.24-10.23.44:768][579]LogAudioMixer: Display: 0: FrontLeft
[2020.10.24-10.23.44:768][579]LogAudioMixer: Display: 1: FrontRight
[2020.10.24-10.23.44:775][579]LogAudioMixer: Display: 0: FrontLeft
[2020.10.24-10.23.44:775][579]LogAudioMixer: Display: 1: FrontRight
[2020.10.24-10.23.44:819][579]LogAudioMixer: Display: Using Audio Device Headphones (Oculus Virtual Audio Device)
[2020.10.24-10.23.44:820][579]LogAudioMixer: Display: Initializing Sound Submixes...
[2020.10.24-10.23.44:820][579]LogAudioMixer: Display: Creating Master Submix 'MasterSubmixDefault'
[2020.10.24-10.23.44:820][579]LogAudioMixer: Display: Creating Master Submix 'MasterReverbSubmixDefault'
[2020.10.24-10.23.44:820][579]LogAudioMixer: Display: Creating Master Submix 'MasterEQSubmixDefault'
[2020.10.24-10.23.44:834][579]LogInit: FAudioDevice initialized.
[2020.10.24-10.23.44:844][579]LogSlate: Updating window title bar state: overlay mode, drag disabled, window buttons hidden, title bar hidden
[2020.10.24-10.23.44:860][579]LogLoad: Game class is 'GameModeBase'
[2020.10.24-10.23.44:863][579]LogWorld: Bringing World /Game/VirtualRealityBP/Maps/UEDPIE_0_MotionControllerMap.MotionControllerMap up for play (max tick rate 0) at 2020.10.24-12.23.44
[2020.10.24-10.23.44:863][579]LogWorld: Bringing up level for play took: 0.002338
[2020.10.24-10.23.44:863][579]LogOnline: OSS: Creating online subsystem instance for: :Context_5
[2020.10.24-10.23.44:871][579]PIE: Server logged in
[2020.10.24-10.23.44:872][579]PIE: Play in editor total start time 0.313 seconds.
[2020.10.24-10.23.44:901][579]LogSlate: Window 'BowUpdate2 Preview [NetMode: Standalone] (64-bit/Windows) OculusHMD' being destroyed
[2020.10.24-10.23.44:910][579]LogWorld: BeginTearingDown for /Game/VirtualRealityBP/Maps/UEDPIE_0_MotionControllerMap
[2020.10.24-10.23.44:910][579]LogWorld: UWorld::CleanupWorld for MotionControllerMap, bSessionEnded=true, bCleanupResources=true
[2020.10.24-10.23.44:911][579]LogSlate: InvalidateAllWidgets triggered.  All widgets were invalidated
[2020.10.24-10.23.44:918][579]LogPlayLevel: Display: Shutting down PIE online subsystems
[2020.10.24-10.23.44:919][579]LogSlate: InvalidateAllWidgets triggered.  All widgets were invalidated
[2020.10.24-10.23.44:951][579]LogAISub: UAISubsystem::~UAISubsystem AIPerceptionSystem (0000029C84243380), frame # 579
[2020.10.24-10.23.44:951][579]LogAISub: UAISubsystem::~UAISubsystem EnvQueryManager (0000029CA2A6B200), frame # 579
[2020.10.24-10.23.44:951][579]LogUObjectHash: Compacting FUObjectHashTables data took   0.57ms
[2020.10.24-10.23.44:995][580]LogPlayLevel: Display: Destroying online subsystem :Context_5
